[35m[1mConsolidate compiler generated dependencies of target log_gpis__rosidl_generator_c[0m
[35m[1mConsolidate compiler generated dependencies of target logGPIS[0m
[  8%] Built target log_gpis__rosidl_generator_c
[ 11%] Built target log_gpis__cpp
[ 11%] Built target ament_cmake_python_copy_log_gpis
[ 14%] [32mBuilding CXX object CMakeFiles/logGPIS.dir/src/logGPIS.cpp.o[0m
[35m[1mConsolidate compiler generated dependencies of target log_gpis__rosidl_typesupport_c[0m
[35m[1mConsolidate compiler generated dependencies of target log_gpis__rosidl_typesupport_fastrtps_c[0m
[35m[1mConsolidate compiler generated dependencies of target log_gpis__rosidl_typesupport_introspection_c[0m
[ 17%] [32mBuilding CXX object CMakeFiles/logGPIS.dir/src/gp_matern32.cpp.o[0m
[35m[1mConsolidate compiler generated dependencies of target log_gpis__rosidl_typesupport_cpp[0m
[ 26%] Built target log_gpis__rosidl_typesupport_c
[ 35%] Built target log_gpis__rosidl_typesupport_introspection_c
[ 44%] Built target log_gpis__rosidl_typesupport_fastrtps_c
[35m[1mConsolidate compiler generated dependencies of target log_gpis__rosidl_typesupport_fastrtps_cpp[0m
[ 52%] Built target log_gpis__rosidl_typesupport_cpp
[35m[1mConsolidate compiler generated dependencies of target log_gpis__rosidl_typesupport_introspection_cpp[0m
[ 61%] Built target log_gpis__rosidl_typesupport_introspection_cpp
[ 70%] Built target log_gpis__rosidl_typesupport_fastrtps_cpp
[ 70%] Built target log_gpis
[ 73%] Built target log_gpis__py
[35m[1mConsolidate compiler generated dependencies of target log_gpis__rosidl_generator_py[0m
[ 79%] Built target log_gpis__rosidl_generator_py
[35m[1mConsolidate compiler generated dependencies of target log_gpis__rosidl_typesupport_fastrtps_c__pyext[0m
[35m[1mConsolidate compiler generated dependencies of target log_gpis__rosidl_typesupport_introspection_c__pyext[0m
[35m[1mConsolidate compiler generated dependencies of target log_gpis__rosidl_typesupport_c__pyext[0m
[ 85%] Built target log_gpis__rosidl_typesupport_introspection_c__pyext
[ 94%] Built target log_gpis__rosidl_typesupport_fastrtps_c__pyext
[ 97%] Built target log_gpis__rosidl_typesupport_c__pyext
running egg_info
writing log_gpis.egg-info/PKG-INFO
writing dependency_links to log_gpis.egg-info/dependency_links.txt
writing top-level names to log_gpis.egg-info/top_level.txt
reading manifest file 'log_gpis.egg-info/SOURCES.txt'
writing manifest file 'log_gpis.egg-info/SOURCES.txt'
[ 97%] Built target ament_cmake_python_build_log_gpis_egg
[100%] [32m[1mLinking CXX shared library liblogGPIS.so[0m
[100%] Built target logGPIS
-- Install configuration: ""
-- Installing: /home/docker-dev/ws/install/log_gpis/share/ament_index/resource_index/rosidl_interfaces/log_gpis
-- Installing: /home/docker-dev/ws/install/log_gpis/include/log_gpis/log_gpis
-- Installing: /home/docker-dev/ws/install/log_gpis/include/log_gpis/log_gpis/srv
-- Installing: /home/docker-dev/ws/install/log_gpis/include/log_gpis/log_gpis/srv/query_estimate.h
-- Installing: /home/docker-dev/ws/install/log_gpis/include/log_gpis/log_gpis/srv/detail
-- Installing: /home/docker-dev/ws/install/log_gpis/include/log_gpis/log_gpis/srv/detail/query_estimate__functions.c
-- Installing: /home/docker-dev/ws/install/log_gpis/include/log_gpis/log_gpis/srv/detail/query_estimate__struct.h
-- Installing: /home/docker-dev/ws/install/log_gpis/include/log_gpis/log_gpis/srv/detail/query_estimate__functions.h
-- Installing: /home/docker-dev/ws/install/log_gpis/include/log_gpis/log_gpis/srv/detail/query_estimate__type_support.h
-- Installing: /home/docker-dev/ws/install/log_gpis/include/log_gpis/log_gpis/msg
-- Installing: /home/docker-dev/ws/install/log_gpis/include/log_gpis/log_gpis/msg/rosidl_generator_c__visibility_control.h
-- Installing: /home/docker-dev/ws/install/log_gpis/share/log_gpis/environment/library_path.sh
-- Installing: /home/docker-dev/ws/install/log_gpis/share/log_gpis/environment/library_path.dsv
-- Installing: /home/docker-dev/ws/install/log_gpis/lib/liblog_gpis__rosidl_generator_c.so
-- Set runtime path of "/home/docker-dev/ws/install/log_gpis/lib/liblog_gpis__rosidl_generator_c.so" to ""
-- Up-to-date: /home/docker-dev/ws/install/log_gpis/include/log_gpis/log_gpis
-- Up-to-date: /home/docker-dev/ws/install/log_gpis/include/log_gpis/log_gpis/srv
-- Up-to-date: /home/docker-dev/ws/install/log_gpis/include/log_gpis/log_gpis/srv/detail
-- Installing: /home/docker-dev/ws/install/log_gpis/include/log_gpis/log_gpis/srv/detail/query_estimate__rosidl_typesupport_fastrtps_c.h
-- Up-to-date: /home/docker-dev/ws/install/log_gpis/include/log_gpis/log_gpis/msg
-- Installing: /home/docker-dev/ws/install/log_gpis/include/log_gpis/log_gpis/msg/rosidl_typesupport_fastrtps_c__visibility_control.h
-- Installing: /home/docker-dev/ws/install/log_gpis/lib/liblog_gpis__rosidl_typesupport_fastrtps_c.so
-- Set runtime path of "/home/docker-dev/ws/install/log_gpis/lib/liblog_gpis__rosidl_typesupport_fastrtps_c.so" to ""
-- Up-to-date: /home/docker-dev/ws/install/log_gpis/include/log_gpis/log_gpis
-- Up-to-date: /home/docker-dev/ws/install/log_gpis/include/log_gpis/log_gpis/srv
-- Installing: /home/docker-dev/ws/install/log_gpis/include/log_gpis/log_gpis/srv/query_estimate.hpp
-- Up-to-date: /home/docker-dev/ws/install/log_gpis/include/log_gpis/log_gpis/srv/detail
-- Installing: /home/docker-dev/ws/install/log_gpis/include/log_gpis/log_gpis/srv/detail/query_estimate__traits.hpp
-- Installing: /home/docker-dev/ws/install/log_gpis/include/log_gpis/log_gpis/srv/detail/query_estimate__builder.hpp
-- Installing: /home/docker-dev/ws/install/log_gpis/include/log_gpis/log_gpis/srv/detail/query_estimate__struct.hpp
-- Up-to-date: /home/docker-dev/ws/install/log_gpis/include/log_gpis/log_gpis
-- Up-to-date: /home/docker-dev/ws/install/log_gpis/include/log_gpis/log_gpis/srv
-- Up-to-date: /home/docker-dev/ws/install/log_gpis/include/log_gpis/log_gpis/srv/detail
-- Installing: /home/docker-dev/ws/install/log_gpis/include/log_gpis/log_gpis/srv/detail/query_estimate__rosidl_typesupport_fastrtps_cpp.hpp
-- Installing: /home/docker-dev/ws/install/log_gpis/include/log_gpis/log_gpis/srv/detail/dds_fastrtps
-- Up-to-date: /home/docker-dev/ws/install/log_gpis/include/log_gpis/log_gpis/msg
-- Installing: /home/docker-dev/ws/install/log_gpis/include/log_gpis/log_gpis/msg/rosidl_typesupport_fastrtps_cpp__visibility_control.h
-- Installing: /home/docker-dev/ws/install/log_gpis/lib/liblog_gpis__rosidl_typesupport_fastrtps_cpp.so
-- Set runtime path of "/home/docker-dev/ws/install/log_gpis/lib/liblog_gpis__rosidl_typesupport_fastrtps_cpp.so" to ""
-- Up-to-date: /home/docker-dev/ws/install/log_gpis/include/log_gpis/log_gpis
-- Up-to-date: /home/docker-dev/ws/install/log_gpis/include/log_gpis/log_gpis/srv
-- Up-to-date: /home/docker-dev/ws/install/log_gpis/include/log_gpis/log_gpis/srv/detail
-- Installing: /home/docker-dev/ws/install/log_gpis/include/log_gpis/log_gpis/srv/detail/query_estimate__type_support.c
-- Installing: /home/docker-dev/ws/install/log_gpis/include/log_gpis/log_gpis/srv/detail/query_estimate__rosidl_typesupport_introspection_c.h
-- Up-to-date: /home/docker-dev/ws/install/log_gpis/include/log_gpis/log_gpis/msg
-- Installing: /home/docker-dev/ws/install/log_gpis/include/log_gpis/log_gpis/msg/rosidl_typesupport_introspection_c__visibility_control.h
-- Installing: /home/docker-dev/ws/install/log_gpis/lib/liblog_gpis__rosidl_typesupport_introspection_c.so
-- Set runtime path of "/home/docker-dev/ws/install/log_gpis/lib/liblog_gpis__rosidl_typesupport_introspection_c.so" to ""
-- Installing: /home/docker-dev/ws/install/log_gpis/lib/liblog_gpis__rosidl_typesupport_c.so
-- Set runtime path of "/home/docker-dev/ws/install/log_gpis/lib/liblog_gpis__rosidl_typesupport_c.so" to ""
-- Up-to-date: /home/docker-dev/ws/install/log_gpis/include/log_gpis/log_gpis
-- Up-to-date: /home/docker-dev/ws/install/log_gpis/include/log_gpis/log_gpis/srv
-- Up-to-date: /home/docker-dev/ws/install/log_gpis/include/log_gpis/log_gpis/srv/detail
-- Installing: /home/docker-dev/ws/install/log_gpis/include/log_gpis/log_gpis/srv/detail/query_estimate__rosidl_typesupport_introspection_cpp.hpp
-- Installing: /home/docker-dev/ws/install/log_gpis/include/log_gpis/log_gpis/srv/detail/query_estimate__type_support.cpp
-- Installing: /home/docker-dev/ws/install/log_gpis/lib/liblog_gpis__rosidl_typesupport_introspection_cpp.so
-- Set runtime path of "/home/docker-dev/ws/install/log_gpis/lib/liblog_gpis__rosidl_typesupport_introspection_cpp.so" to ""
-- Installing: /home/docker-dev/ws/install/log_gpis/lib/liblog_gpis__rosidl_typesupport_cpp.so
-- Set runtime path of "/home/docker-dev/ws/install/log_gpis/lib/liblog_gpis__rosidl_typesupport_cpp.so" to ""
-- Installing: /home/docker-dev/ws/install/log_gpis/share/log_gpis/environment/pythonpath.sh
-- Installing: /home/docker-dev/ws/install/log_gpis/share/log_gpis/environment/pythonpath.dsv
-- Installing: /home/docker-dev/ws/install/log_gpis/local/lib/python3.10/dist-packages/log_gpis-0.0.1-py3.10.egg-info
-- Installing: /home/docker-dev/ws/install/log_gpis/local/lib/python3.10/dist-packages/log_gpis-0.0.1-py3.10.egg-info/dependency_links.txt
-- Installing: /home/docker-dev/ws/install/log_gpis/local/lib/python3.10/dist-packages/log_gpis-0.0.1-py3.10.egg-info/SOURCES.txt
-- Installing: /home/docker-dev/ws/install/log_gpis/local/lib/python3.10/dist-packages/log_gpis-0.0.1-py3.10.egg-info/top_level.txt
-- Installing: /home/docker-dev/ws/install/log_gpis/local/lib/python3.10/dist-packages/log_gpis-0.0.1-py3.10.egg-info/PKG-INFO
-- Installing: /home/docker-dev/ws/install/log_gpis/local/lib/python3.10/dist-packages/log_gpis
-- Installing: /home/docker-dev/ws/install/log_gpis/local/lib/python3.10/dist-packages/log_gpis/_log_gpis_s.ep.rosidl_typesupport_introspection_c.c
-- Installing: /home/docker-dev/ws/install/log_gpis/local/lib/python3.10/dist-packages/log_gpis/log_gpis_s__rosidl_typesupport_fastrtps_c.cpython-310-x86_64-linux-gnu.so
-- Installing: /home/docker-dev/ws/install/log_gpis/local/lib/python3.10/dist-packages/log_gpis/_log_gpis_s.ep.rosidl_typesupport_fastrtps_c.c
-- Installing: /home/docker-dev/ws/install/log_gpis/local/lib/python3.10/dist-packages/log_gpis/srv
-- Installing: /home/docker-dev/ws/install/log_gpis/local/lib/python3.10/dist-packages/log_gpis/srv/_query_estimate_s.c
-- Installing: /home/docker-dev/ws/install/log_gpis/local/lib/python3.10/dist-packages/log_gpis/srv/_query_estimate.py
-- Installing: /home/docker-dev/ws/install/log_gpis/local/lib/python3.10/dist-packages/log_gpis/srv/__init__.py
-- Installing: /home/docker-dev/ws/install/log_gpis/local/lib/python3.10/dist-packages/log_gpis/liblog_gpis__rosidl_generator_py.so
-- Installing: /home/docker-dev/ws/install/log_gpis/local/lib/python3.10/dist-packages/log_gpis/_log_gpis_s.ep.rosidl_typesupport_c.c
-- Installing: /home/docker-dev/ws/install/log_gpis/local/lib/python3.10/dist-packages/log_gpis/__init__.py
-- Installing: /home/docker-dev/ws/install/log_gpis/local/lib/python3.10/dist-packages/log_gpis/log_gpis_s__rosidl_typesupport_introspection_c.cpython-310-x86_64-linux-gnu.so
-- Installing: /home/docker-dev/ws/install/log_gpis/local/lib/python3.10/dist-packages/log_gpis/log_gpis_s__rosidl_typesupport_c.cpython-310-x86_64-linux-gnu.so
Listing '/home/docker-dev/ws/install/log_gpis/local/lib/python3.10/dist-packages/log_gpis'...
Compiling '/home/docker-dev/ws/install/log_gpis/local/lib/python3.10/dist-packages/log_gpis/__init__.py'...
Listing '/home/docker-dev/ws/install/log_gpis/local/lib/python3.10/dist-packages/log_gpis/srv'...
Compiling '/home/docker-dev/ws/install/log_gpis/local/lib/python3.10/dist-packages/log_gpis/srv/__init__.py'...
Compiling '/home/docker-dev/ws/install/log_gpis/local/lib/python3.10/dist-packages/log_gpis/srv/_query_estimate.py'...
-- Installing: /home/docker-dev/ws/install/log_gpis/local/lib/python3.10/dist-packages/log_gpis/log_gpis_s__rosidl_typesupport_fastrtps_c.cpython-310-x86_64-linux-gnu.so
-- Set runtime path of "/home/docker-dev/ws/install/log_gpis/local/lib/python3.10/dist-packages/log_gpis/log_gpis_s__rosidl_typesupport_fastrtps_c.cpython-310-x86_64-linux-gnu.so" to ""
-- Installing: /home/docker-dev/ws/install/log_gpis/local/lib/python3.10/dist-packages/log_gpis/log_gpis_s__rosidl_typesupport_introspection_c.cpython-310-x86_64-linux-gnu.so
-- Set runtime path of "/home/docker-dev/ws/install/log_gpis/local/lib/python3.10/dist-packages/log_gpis/log_gpis_s__rosidl_typesupport_introspection_c.cpython-310-x86_64-linux-gnu.so" to ""
-- Installing: /home/docker-dev/ws/install/log_gpis/local/lib/python3.10/dist-packages/log_gpis/log_gpis_s__rosidl_typesupport_c.cpython-310-x86_64-linux-gnu.so
-- Set runtime path of "/home/docker-dev/ws/install/log_gpis/local/lib/python3.10/dist-packages/log_gpis/log_gpis_s__rosidl_typesupport_c.cpython-310-x86_64-linux-gnu.so" to ""
-- Installing: /home/docker-dev/ws/install/log_gpis/lib/liblog_gpis__rosidl_generator_py.so
-- Set runtime path of "/home/docker-dev/ws/install/log_gpis/lib/liblog_gpis__rosidl_generator_py.so" to ""
-- Installing: /home/docker-dev/ws/install/log_gpis/share/log_gpis/srv/QueryEstimate.idl
-- Installing: /home/docker-dev/ws/install/log_gpis/share/log_gpis/srv/QueryEstimate.srv
-- Installing: /home/docker-dev/ws/install/log_gpis/share/log_gpis/srv/QueryEstimate_Request.msg
-- Installing: /home/docker-dev/ws/install/log_gpis/share/log_gpis/srv/QueryEstimate_Response.msg
-- Up-to-date: /home/docker-dev/ws/install/log_gpis/include/log_gpis
-- Installing: /home/docker-dev/ws/install/log_gpis/include/log_gpis/gp_matern32.hpp
-- Installing: /home/docker-dev/ws/install/log_gpis/include/log_gpis/logGPIS.hpp
-- Installing: /home/docker-dev/ws/install/log_gpis/include/log_gpis/.gp_matern32.hpp.swp
-- Installing: /home/docker-dev/ws/install/log_gpis/lib/liblogGPIS.so
-- Installing: /home/docker-dev/ws/install/log_gpis/share/ament_index/resource_index/package_run_dependencies/log_gpis
-- Installing: /home/docker-dev/ws/install/log_gpis/share/ament_index/resource_index/parent_prefix_path/log_gpis
-- Installing: /home/docker-dev/ws/install/log_gpis/share/log_gpis/environment/ament_prefix_path.sh
-- Installing: /home/docker-dev/ws/install/log_gpis/share/log_gpis/environment/ament_prefix_path.dsv
-- Installing: /home/docker-dev/ws/install/log_gpis/share/log_gpis/environment/path.sh
-- Installing: /home/docker-dev/ws/install/log_gpis/share/log_gpis/environment/path.dsv
-- Installing: /home/docker-dev/ws/install/log_gpis/share/log_gpis/local_setup.bash
-- Installing: /home/docker-dev/ws/install/log_gpis/share/log_gpis/local_setup.sh
-- Installing: /home/docker-dev/ws/install/log_gpis/share/log_gpis/local_setup.zsh
-- Installing: /home/docker-dev/ws/install/log_gpis/share/log_gpis/local_setup.dsv
-- Installing: /home/docker-dev/ws/install/log_gpis/share/log_gpis/package.dsv
-- Installing: /home/docker-dev/ws/install/log_gpis/share/ament_index/resource_index/packages/log_gpis
-- Installing: /home/docker-dev/ws/install/log_gpis/share/log_gpis/cmake/export_log_gpis__rosidl_generator_cExport.cmake
-- Installing: /home/docker-dev/ws/install/log_gpis/share/log_gpis/cmake/export_log_gpis__rosidl_generator_cExport-noconfig.cmake
-- Installing: /home/docker-dev/ws/install/log_gpis/share/log_gpis/cmake/export_log_gpis__rosidl_typesupport_fastrtps_cExport.cmake
-- Installing: /home/docker-dev/ws/install/log_gpis/share/log_gpis/cmake/export_log_gpis__rosidl_typesupport_fastrtps_cExport-noconfig.cmake
-- Installing: /home/docker-dev/ws/install/log_gpis/share/log_gpis/cmake/export_log_gpis__rosidl_generator_cppExport.cmake
-- Installing: /home/docker-dev/ws/install/log_gpis/share/log_gpis/cmake/export_log_gpis__rosidl_typesupport_fastrtps_cppExport.cmake
-- Installing: /home/docker-dev/ws/install/log_gpis/share/log_gpis/cmake/export_log_gpis__rosidl_typesupport_fastrtps_cppExport-noconfig.cmake
-- Installing: /home/docker-dev/ws/install/log_gpis/share/log_gpis/cmake/log_gpis__rosidl_typesupport_introspection_cExport.cmake
-- Installing: /home/docker-dev/ws/install/log_gpis/share/log_gpis/cmake/log_gpis__rosidl_typesupport_introspection_cExport-noconfig.cmake
-- Installing: /home/docker-dev/ws/install/log_gpis/share/log_gpis/cmake/log_gpis__rosidl_typesupport_cExport.cmake
-- Installing: /home/docker-dev/ws/install/log_gpis/share/log_gpis/cmake/log_gpis__rosidl_typesupport_cExport-noconfig.cmake
-- Installing: /home/docker-dev/ws/install/log_gpis/share/log_gpis/cmake/log_gpis__rosidl_typesupport_introspection_cppExport.cmake
-- Installing: /home/docker-dev/ws/install/log_gpis/share/log_gpis/cmake/log_gpis__rosidl_typesupport_introspection_cppExport-noconfig.cmake
-- Installing: /home/docker-dev/ws/install/log_gpis/share/log_gpis/cmake/log_gpis__rosidl_typesupport_cppExport.cmake
-- Installing: /home/docker-dev/ws/install/log_gpis/share/log_gpis/cmake/log_gpis__rosidl_typesupport_cppExport-noconfig.cmake
-- Installing: /home/docker-dev/ws/install/log_gpis/share/log_gpis/cmake/export_log_gpis__rosidl_generator_pyExport.cmake
-- Installing: /home/docker-dev/ws/install/log_gpis/share/log_gpis/cmake/export_log_gpis__rosidl_generator_pyExport-noconfig.cmake
-- Installing: /home/docker-dev/ws/install/log_gpis/share/log_gpis/cmake/logGPISExport.cmake
-- Installing: /home/docker-dev/ws/install/log_gpis/share/log_gpis/cmake/logGPISExport-noconfig.cmake
-- Installing: /home/docker-dev/ws/install/log_gpis/share/log_gpis/cmake/rosidl_cmake-extras.cmake
-- Installing: /home/docker-dev/ws/install/log_gpis/share/log_gpis/cmake/ament_cmake_export_include_directories-extras.cmake
-- Installing: /home/docker-dev/ws/install/log_gpis/share/log_gpis/cmake/ament_cmake_export_libraries-extras.cmake
-- Installing: /home/docker-dev/ws/install/log_gpis/share/log_gpis/cmake/ament_cmake_export_targets-extras.cmake
-- Installing: /home/docker-dev/ws/install/log_gpis/share/log_gpis/cmake/rosidl_cmake_export_typesupport_targets-extras.cmake
-- Installing: /home/docker-dev/ws/install/log_gpis/share/log_gpis/cmake/ament_cmake_export_dependencies-extras.cmake
-- Installing: /home/docker-dev/ws/install/log_gpis/share/log_gpis/cmake/rosidl_cmake_export_typesupport_libraries-extras.cmake
-- Installing: /home/docker-dev/ws/install/log_gpis/share/log_gpis/cmake/log_gpisConfig.cmake
-- Installing: /home/docker-dev/ws/install/log_gpis/share/log_gpis/cmake/log_gpisConfig-version.cmake
-- Installing: /home/docker-dev/ws/install/log_gpis/share/log_gpis/package.xml
