-- The C compiler identification is GNU 11.4.0
-- The CXX compiler identification is GNU 11.4.0
-- Detecting C compiler ABI info
-- Detecting C compiler ABI info - done
-- Check for working C compiler: /usr/bin/cc - skipped
-- Detecting C compile features
-- Detecting C compile features - done
-- Detecting CXX compiler ABI info
-- Detecting CXX compiler ABI info - done
-- Check for working CXX compiler: /usr/bin/c++ - skipped
-- Detecting CXX compile features
-- Detecting CXX compile features - done
-- Found ament_cmake: 1.3.6 (/opt/ros/humble/share/ament_cmake/cmake)
-- Found Python3: /usr/bin/python3.10 (found version "3.10.12") found components: Interpreter 
-- Found rclcpp: 16.0.7 (/opt/ros/humble/share/rclcpp/cmake)
-- Found rosidl_generator_c: 3.1.5 (/opt/ros/humble/share/rosidl_generator_c/cmake)
-- Found rosidl_adapter: 3.1.5 (/opt/ros/humble/share/rosidl_adapter/cmake)
-- Found rosidl_generator_cpp: 3.1.5 (/opt/ros/humble/share/rosidl_generator_cpp/cmake)
-- Using all available rosidl_typesupport_c: rosidl_typesupport_fastrtps_c;rosidl_typesupport_introspection_c
-- Using all available rosidl_typesupport_cpp: rosidl_typesupport_fastrtps_cpp;rosidl_typesupport_introspection_cpp
-- Found rmw_implementation_cmake: 6.1.1 (/opt/ros/humble/share/rmw_implementation_cmake/cmake)
-- Found rmw_fastrtps_cpp: 6.2.5 (/opt/ros/humble/share/rmw_fastrtps_cpp/cmake)
-- Found OpenSSL: /usr/lib/x86_64-linux-gnu/libcrypto.so (found version "3.0.2")  
-- Found FastRTPS: /opt/ros/humble/include  
-- Using RMW implementation 'rmw_fastrtps_cpp' as default
-- Looking for pthread.h
-- Looking for pthread.h - found
-- Performing Test CMAKE_HAVE_LIBC_PTHREAD
-- Performing Test CMAKE_HAVE_LIBC_PTHREAD - Success
-- Found Threads: TRUE  
-- Found rosidl_default_generators: 1.2.0 (/opt/ros/humble/share/rosidl_default_generators/cmake)
-- Found ament_cmake_ros: 0.10.0 (/opt/ros/humble/share/ament_cmake_ros/cmake)
-- Using all available rosidl_typesupport_c: rosidl_typesupport_fastrtps_c;rosidl_typesupport_introspection_c
-- Using all available rosidl_typesupport_cpp: rosidl_typesupport_fastrtps_cpp;rosidl_typesupport_introspection_cpp
-- Found PythonInterp: /usr/bin/python3 (found suitable version "3.10.12", minimum required is "3.6") 
-- Found python_cmake_module: 0.10.0 (/opt/ros/humble/share/python_cmake_module/cmake)
-- Found PythonLibs: /usr/lib/x86_64-linux-gnu/libpython3.10.so (found suitable version "3.10.12", minimum required is "3.5") 
-- Using PYTHON_EXECUTABLE: /usr/bin/python3
-- Using PYTHON_INCLUDE_DIRS: /usr/include/python3.10
-- Using PYTHON_LIBRARIES: /usr/lib/x86_64-linux-gnu/libpython3.10.so
-- Found PythonExtra: .so  
-- Configuring done
-- Generating done
-- Build files have been written to: /home/docker-dev/ws/build/log_gpis
[  2%] [34m[1mGenerating C code for ROS interfaces[0m
[  5%] [34m[1mGenerating C++ code for ROS interfaces[0m
[  8%] [32mBuilding CXX object CMakeFiles/logGPIS.dir/src/logGPIS.cpp.o[0m
[ 11%] [32mBuilding CXX object CMakeFiles/logGPIS.dir/src/gp_matern32.cpp.o[0m
[ 11%] Built target ament_cmake_python_copy_log_gpis
[ 11%] Built target log_gpis__cpp
[ 17%] [34m[1mGenerating C++ type support dispatch for ROS interfaces[0m
[ 17%] [34m[1mGenerating C++ type support for eProsima Fast-RTPS[0m
running egg_info
creating log_gpis.egg-info
writing log_gpis.egg-info/PKG-INFO
writing dependency_links to log_gpis.egg-info/dependency_links.txt
writing top-level names to log_gpis.egg-info/top_level.txt
writing manifest file 'log_gpis.egg-info/SOURCES.txt'
reading manifest file 'log_gpis.egg-info/SOURCES.txt'
writing manifest file 'log_gpis.egg-info/SOURCES.txt'
[ 17%] Built target ament_cmake_python_build_log_gpis_egg
[ 20%] [34m[1mGenerating C++ introspection for ROS interfaces[0m
[ 23%] [32mBuilding C object CMakeFiles/log_gpis__rosidl_generator_c.dir/rosidl_generator_c/log_gpis/srv/detail/query_estimate__functions.c.o[0m
[ 26%] [32m[1mLinking C shared library liblog_gpis__rosidl_generator_c.so[0m
[ 26%] Built target log_gpis__rosidl_generator_c
[ 29%] [34m[1mGenerating C type support for eProsima Fast-RTPS[0m
[ 32%] [32mBuilding CXX object CMakeFiles/log_gpis__rosidl_typesupport_cpp.dir/rosidl_typesupport_cpp/log_gpis/srv/query_estimate__type_support.cpp.o[0m
[ 35%] [32mBuilding CXX object CMakeFiles/log_gpis__rosidl_typesupport_fastrtps_cpp.dir/rosidl_typesupport_fastrtps_cpp/log_gpis/srv/detail/dds_fastrtps/query_estimate__type_support.cpp.o[0m
[ 38%] [32mBuilding CXX object CMakeFiles/log_gpis__rosidl_typesupport_introspection_cpp.dir/rosidl_typesupport_introspection_cpp/log_gpis/srv/detail/query_estimate__type_support.cpp.o[0m
[ 41%] [32m[1mLinking CXX shared library liblog_gpis__rosidl_typesupport_cpp.so[0m
[ 41%] Built target log_gpis__rosidl_typesupport_cpp
[ 44%] [32mBuilding CXX object CMakeFiles/log_gpis__rosidl_typesupport_fastrtps_c.dir/rosidl_typesupport_fastrtps_c/log_gpis/srv/detail/query_estimate__type_support_c.cpp.o[0m
[ 47%] [34m[1mGenerating C introspection for ROS interfaces[0m
[ 50%] [32m[1mLinking CXX shared library liblog_gpis__rosidl_typesupport_fastrtps_cpp.so[0m
[ 50%] Built target log_gpis__rosidl_typesupport_fastrtps_cpp
[ 52%] [34m[1mGenerating C type support dispatch for ROS interfaces[0m
[ 55%] [32m[1mLinking CXX shared library liblog_gpis__rosidl_typesupport_introspection_cpp.so[0m
[ 55%] Built target log_gpis__rosidl_typesupport_introspection_cpp
[ 58%] [32mBuilding C object CMakeFiles/log_gpis__rosidl_typesupport_introspection_c.dir/rosidl_typesupport_introspection_c/log_gpis/srv/detail/query_estimate__type_support.c.o[0m
[ 61%] [32m[1mLinking CXX shared library liblog_gpis__rosidl_typesupport_fastrtps_c.so[0m
[ 64%] [32m[1mLinking C shared library liblog_gpis__rosidl_typesupport_introspection_c.so[0m
[ 64%] Built target log_gpis__rosidl_typesupport_introspection_c
[ 64%] Built target log_gpis__rosidl_typesupport_fastrtps_c
[ 67%] [32mBuilding CXX object CMakeFiles/log_gpis__rosidl_typesupport_c.dir/rosidl_typesupport_c/log_gpis/srv/query_estimate__type_support.cpp.o[0m
[ 70%] [32m[1mLinking CXX shared library liblog_gpis__rosidl_typesupport_c.so[0m
[ 70%] Built target log_gpis__rosidl_typesupport_c
[ 70%] Built target log_gpis
[ 73%] [34m[1mGenerating Python code for ROS interfaces[0m
[ 73%] Built target log_gpis__py
[ 76%] [32mBuilding C object CMakeFiles/log_gpis__rosidl_generator_py.dir/rosidl_generator_py/log_gpis/srv/_query_estimate_s.c.o[0m
[ 79%] [32m[1mLinking C shared library rosidl_generator_py/log_gpis/liblog_gpis__rosidl_generator_py.so[0m
[ 79%] Built target log_gpis__rosidl_generator_py
[ 82%] [32mBuilding C object CMakeFiles/log_gpis__rosidl_typesupport_c__pyext.dir/rosidl_generator_py/log_gpis/_log_gpis_s.ep.rosidl_typesupport_c.c.o[0m
[ 85%] [32mBuilding C object CMakeFiles/log_gpis__rosidl_typesupport_fastrtps_c__pyext.dir/rosidl_generator_py/log_gpis/_log_gpis_s.ep.rosidl_typesupport_fastrtps_c.c.o[0m
[ 88%] [32mBuilding C object CMakeFiles/log_gpis__rosidl_typesupport_introspection_c__pyext.dir/rosidl_generator_py/log_gpis/_log_gpis_s.ep.rosidl_typesupport_introspection_c.c.o[0m
[ 91%] [32m[1mLinking C shared library rosidl_generator_py/log_gpis/log_gpis_s__rosidl_typesupport_introspection_c.cpython-310-x86_64-linux-gnu.so[0m
[ 91%] Built target log_gpis__rosidl_typesupport_introspection_c__pyext
[ 94%] [32m[1mLinking C shared library rosidl_generator_py/log_gpis/log_gpis_s__rosidl_typesupport_c.cpython-310-x86_64-linux-gnu.so[0m
[ 97%] [32m[1mLinking C shared library rosidl_generator_py/log_gpis/log_gpis_s__rosidl_typesupport_fastrtps_c.cpython-310-x86_64-linux-gnu.so[0m
[ 97%] Built target log_gpis__rosidl_typesupport_c__pyext
[ 97%] Built target log_gpis__rosidl_typesupport_fastrtps_c__pyext
