[0.030s] Invoking command in '/home/docker-dev/ws/build/log_gpis': CMAKE_PREFIX_PATH=${CMAKE_PREFIX_PATH}:/opt/ros/humble /usr/bin/cmake /home/docker-dev/ws/ros2_ws/src/log_gpis -DCMAKE_INSTALL_PREFIX=/home/docker-dev/ws/install/log_gpis
[0.062s] -- The C compiler identification is GNU 11.4.0
[0.093s] -- The CXX compiler identification is GNU 11.4.0
[0.097s] -- Detecting C compiler ABI info
[0.135s] -- Detecting C compiler ABI info - done
[0.139s] -- Check for working C compiler: /usr/bin/cc - skipped
[0.139s] -- Detecting C compile features
[0.139s] -- Detecting C compile features - done
[0.141s] -- Detecting CXX compiler ABI info
[0.185s] -- Detecting CXX compiler ABI info - done
[0.189s] -- Check for working CXX compiler: /usr/bin/c++ - skipped
[0.189s] -- Detecting CXX compile features
[0.190s] -- Detecting CXX compile features - done
[0.192s] -- Found ament_cmake: 1.3.6 (/opt/ros/humble/share/ament_cmake/cmake)
[0.292s] -- Found Python3: /usr/bin/python3.10 (found version "3.10.12") found components: Interpreter 
[0.353s] -- Found rclcpp: 16.0.7 (/opt/ros/humble/share/rclcpp/cmake)
[0.387s] -- Found rosidl_generator_c: 3.1.5 (/opt/ros/humble/share/rosidl_generator_c/cmake)
[0.391s] -- Found rosidl_adapter: 3.1.5 (/opt/ros/humble/share/rosidl_adapter/cmake)
[0.398s] -- Found rosidl_generator_cpp: 3.1.5 (/opt/ros/humble/share/rosidl_generator_cpp/cmake)
[0.407s] -- Using all available rosidl_typesupport_c: rosidl_typesupport_fastrtps_c;rosidl_typesupport_introspection_c
[0.421s] -- Using all available rosidl_typesupport_cpp: rosidl_typesupport_fastrtps_cpp;rosidl_typesupport_introspection_cpp
[0.470s] -- Found rmw_implementation_cmake: 6.1.1 (/opt/ros/humble/share/rmw_implementation_cmake/cmake)
[0.472s] -- Found rmw_fastrtps_cpp: 6.2.5 (/opt/ros/humble/share/rmw_fastrtps_cpp/cmake)
[0.539s] -- Found OpenSSL: /usr/lib/x86_64-linux-gnu/libcrypto.so (found version "3.0.2")  
[0.561s] -- Found FastRTPS: /opt/ros/humble/include  
[0.601s] -- Using RMW implementation 'rmw_fastrtps_cpp' as default
[0.609s] -- Looking for pthread.h
[0.651s] -- Looking for pthread.h - found
[0.651s] -- Performing Test CMAKE_HAVE_LIBC_PTHREAD
[0.691s] -- Performing Test CMAKE_HAVE_LIBC_PTHREAD - Success
[0.691s] -- Found Threads: TRUE  
[0.790s] -- Found rosidl_default_generators: 1.2.0 (/opt/ros/humble/share/rosidl_default_generators/cmake)
[0.947s] -- Found ament_cmake_ros: 0.10.0 (/opt/ros/humble/share/ament_cmake_ros/cmake)
[1.124s] -- Using all available rosidl_typesupport_c: rosidl_typesupport_fastrtps_c;rosidl_typesupport_introspection_c
[1.193s] -- Using all available rosidl_typesupport_cpp: rosidl_typesupport_fastrtps_cpp;rosidl_typesupport_introspection_cpp
[1.206s] -- Found PythonInterp: /usr/bin/python3 (found suitable version "3.10.12", minimum required is "3.6") 
[1.207s] -- Found python_cmake_module: 0.10.0 (/opt/ros/humble/share/python_cmake_module/cmake)
[1.221s] -- Found PythonLibs: /usr/lib/x86_64-linux-gnu/libpython3.10.so (found suitable version "3.10.12", minimum required is "3.5") 
[1.221s] -- Using PYTHON_EXECUTABLE: /usr/bin/python3
[1.221s] -- Using PYTHON_INCLUDE_DIRS: /usr/include/python3.10
[1.221s] -- Using PYTHON_LIBRARIES: /usr/lib/x86_64-linux-gnu/libpython3.10.so
[1.234s] -- Found PythonExtra: .so  
[1.268s] -- Configuring done
[1.282s] -- Generating done
[1.284s] -- Build files have been written to: /home/docker-dev/ws/build/log_gpis
[1.290s] Invoked command in '/home/docker-dev/ws/build/log_gpis' returned '0': CMAKE_PREFIX_PATH=${CMAKE_PREFIX_PATH}:/opt/ros/humble /usr/bin/cmake /home/docker-dev/ws/ros2_ws/src/log_gpis -DCMAKE_INSTALL_PREFIX=/home/docker-dev/ws/install/log_gpis
[1.291s] Invoking command in '/home/docker-dev/ws/build/log_gpis': CMAKE_PREFIX_PATH=${CMAKE_PREFIX_PATH}:/opt/ros/humble /usr/bin/cmake --build /home/docker-dev/ws/build/log_gpis -- -j6 -l6
[1.312s] [  2%] [34m[1mGenerating C code for ROS interfaces[0m
[1.320s] [  5%] [34m[1mGenerating C++ code for ROS interfaces[0m
[1.321s] [  8%] [32mBuilding CXX object CMakeFiles/logGPIS.dir/src/logGPIS.cpp.o[0m
[1.321s] [ 11%] [32mBuilding CXX object CMakeFiles/logGPIS.dir/src/gp_matern32.cpp.o[0m
[1.322s] [ 11%] Built target ament_cmake_python_copy_log_gpis
[1.495s] [ 11%] Built target log_gpis__cpp
[1.503s] [ 17%] [34m[1mGenerating C++ type support dispatch for ROS interfaces[0m
[1.503s] [ 17%] [34m[1mGenerating C++ type support for eProsima Fast-RTPS[0m
[1.552s] running egg_info
[1.552s] creating log_gpis.egg-info
[1.553s] writing log_gpis.egg-info/PKG-INFO
[1.553s] writing dependency_links to log_gpis.egg-info/dependency_links.txt
[1.553s] writing top-level names to log_gpis.egg-info/top_level.txt
[1.553s] writing manifest file 'log_gpis.egg-info/SOURCES.txt'
[1.555s] reading manifest file 'log_gpis.egg-info/SOURCES.txt'
[1.555s] writing manifest file 'log_gpis.egg-info/SOURCES.txt'
[1.580s] [ 17%] Built target ament_cmake_python_build_log_gpis_egg
[1.590s] [ 20%] [34m[1mGenerating C++ introspection for ROS interfaces[0m
[1.643s] [ 23%] [32mBuilding C object CMakeFiles/log_gpis__rosidl_generator_c.dir/rosidl_generator_c/log_gpis/srv/detail/query_estimate__functions.c.o[0m
[1.708s] [ 26%] [32m[1mLinking C shared library liblog_gpis__rosidl_generator_c.so[0m
[1.743s] [ 26%] Built target log_gpis__rosidl_generator_c
[1.753s] [ 29%] [34m[1mGenerating C type support for eProsima Fast-RTPS[0m
[1.769s] [ 32%] [32mBuilding CXX object CMakeFiles/log_gpis__rosidl_typesupport_cpp.dir/rosidl_typesupport_cpp/log_gpis/srv/query_estimate__type_support.cpp.o[0m
[1.803s] [ 35%] [32mBuilding CXX object CMakeFiles/log_gpis__rosidl_typesupport_fastrtps_cpp.dir/rosidl_typesupport_fastrtps_cpp/log_gpis/srv/detail/dds_fastrtps/query_estimate__type_support.cpp.o[0m
[1.883s] [ 38%] [32mBuilding CXX object CMakeFiles/log_gpis__rosidl_typesupport_introspection_cpp.dir/rosidl_typesupport_introspection_cpp/log_gpis/srv/detail/query_estimate__type_support.cpp.o[0m
[2.022s] [ 41%] [32m[1mLinking CXX shared library liblog_gpis__rosidl_typesupport_cpp.so[0m
[2.068s] [ 41%] Built target log_gpis__rosidl_typesupport_cpp
[2.070s] [ 44%] [32mBuilding CXX object CMakeFiles/log_gpis__rosidl_typesupport_fastrtps_c.dir/rosidl_typesupport_fastrtps_c/log_gpis/srv/detail/query_estimate__type_support_c.cpp.o[0m
[2.077s] [ 47%] [34m[1mGenerating C introspection for ROS interfaces[0m
[2.167s] [ 50%] [32m[1mLinking CXX shared library liblog_gpis__rosidl_typesupport_fastrtps_cpp.so[0m
[2.236s] [ 50%] Built target log_gpis__rosidl_typesupport_fastrtps_cpp
[2.246s] [ 52%] [34m[1mGenerating C type support dispatch for ROS interfaces[0m
[2.247s] [ 55%] [32m[1mLinking CXX shared library liblog_gpis__rosidl_typesupport_introspection_cpp.so[0m
[2.315s] [ 55%] Built target log_gpis__rosidl_typesupport_introspection_cpp
[2.370s] [ 58%] [32mBuilding C object CMakeFiles/log_gpis__rosidl_typesupport_introspection_c.dir/rosidl_typesupport_introspection_c/log_gpis/srv/detail/query_estimate__type_support.c.o[0m
[2.392s] [ 61%] [32m[1mLinking CXX shared library liblog_gpis__rosidl_typesupport_fastrtps_c.so[0m
[2.407s] [ 64%] [32m[1mLinking C shared library liblog_gpis__rosidl_typesupport_introspection_c.so[0m
[2.437s] [ 64%] Built target log_gpis__rosidl_typesupport_introspection_c
[2.460s] [ 64%] Built target log_gpis__rosidl_typesupport_fastrtps_c
[2.464s] [ 67%] [32mBuilding CXX object CMakeFiles/log_gpis__rosidl_typesupport_c.dir/rosidl_typesupport_c/log_gpis/srv/query_estimate__type_support.cpp.o[0m
[2.481s] [ 70%] [32m[1mLinking CXX shared library liblog_gpis__rosidl_typesupport_c.so[0m
[2.500s] [01m[K/home/docker-dev/ws/ros2_ws/src/log_gpis/src/gp_matern32.cpp:[m[K In member function ‘[01m[Kvoid GaussianProcessMatern32::loadData(Eigen::MatrixXd&, Eigen::MatrixXd&, Eigen::VectorXd&)[m[K’:
[2.500s] [01m[K/home/docker-dev/ws/ros2_ws/src/log_gpis/src/gp_matern32.cpp:132:22:[m[K [01;31m[Kerror: [m[K‘[01m[Kcerr[m[K’ is not a member of ‘[01m[Kstd[m[K’
[2.500s]   132 |                 std::[01;31m[Kcerr[m[K << "GPMatern32 : Matrix dimensions do not coincide. Loading failed" << std::endl;
[2.500s]       |                      [01;31m[K^~~~[m[K
[2.500s] [01m[K/home/docker-dev/ws/ros2_ws/src/log_gpis/src/gp_matern32.cpp:3:1:[m[K [01;36m[Knote: [m[K‘[01m[Kstd::cerr[m[K’ is defined in header ‘[01m[K<iostream>[m[K’; did you forget to ‘[01m[K#include <iostream>[m[K’?
[2.500s]     2 | #include <log_gpis/gp_matern32.hpp>
[2.500s]   +++ |+[32m[K#include <iostream>[m[K
[2.500s]     3 | 
[2.505s] [ 70%] Built target log_gpis__rosidl_typesupport_c
[2.517s] [ 70%] Built target log_gpis
[2.529s] [ 73%] [34m[1mGenerating Python code for ROS interfaces[0m
[2.746s] [ 73%] Built target log_gpis__py
[2.757s] [ 76%] [32mBuilding C object CMakeFiles/log_gpis__rosidl_generator_py.dir/rosidl_generator_py/log_gpis/srv/_query_estimate_s.c.o[0m
[2.822s] [ 79%] [32m[1mLinking C shared library rosidl_generator_py/log_gpis/liblog_gpis__rosidl_generator_py.so[0m
[2.846s] [ 79%] Built target log_gpis__rosidl_generator_py
[2.860s] [ 82%] [32mBuilding C object CMakeFiles/log_gpis__rosidl_typesupport_c__pyext.dir/rosidl_generator_py/log_gpis/_log_gpis_s.ep.rosidl_typesupport_c.c.o[0m
[2.860s] [ 85%] [32mBuilding C object CMakeFiles/log_gpis__rosidl_typesupport_fastrtps_c__pyext.dir/rosidl_generator_py/log_gpis/_log_gpis_s.ep.rosidl_typesupport_fastrtps_c.c.o[0m
[2.861s] [ 88%] [32mBuilding C object CMakeFiles/log_gpis__rosidl_typesupport_introspection_c__pyext.dir/rosidl_generator_py/log_gpis/_log_gpis_s.ep.rosidl_typesupport_introspection_c.c.o[0m
[2.922s] [ 91%] [32m[1mLinking C shared library rosidl_generator_py/log_gpis/log_gpis_s__rosidl_typesupport_introspection_c.cpython-310-x86_64-linux-gnu.so[0m
[2.943s] [ 91%] Built target log_gpis__rosidl_typesupport_introspection_c__pyext
[2.953s] [ 94%] [32m[1mLinking C shared library rosidl_generator_py/log_gpis/log_gpis_s__rosidl_typesupport_c.cpython-310-x86_64-linux-gnu.so[0m
[2.956s] [ 97%] [32m[1mLinking C shared library rosidl_generator_py/log_gpis/log_gpis_s__rosidl_typesupport_fastrtps_c.cpython-310-x86_64-linux-gnu.so[0m
[2.973s] [ 97%] Built target log_gpis__rosidl_typesupport_c__pyext
[2.975s] [ 97%] Built target log_gpis__rosidl_typesupport_fastrtps_c__pyext
[5.857s] gmake[2]: *** [CMakeFiles/logGPIS.dir/build.make:90: CMakeFiles/logGPIS.dir/src/gp_matern32.cpp.o] Error 1
[5.857s] gmake[1]: *** [CMakeFiles/Makefile2:592: CMakeFiles/logGPIS.dir/all] Error 2
[5.857s] gmake: *** [Makefile:146: all] Error 2
[5.859s] Invoked command in '/home/docker-dev/ws/build/log_gpis' returned '2': CMAKE_PREFIX_PATH=${CMAKE_PREFIX_PATH}:/opt/ros/humble /usr/bin/cmake --build /home/docker-dev/ws/build/log_gpis -- -j6 -l6
