[0.033s] Invoking command in '/home/docker-dev/ws/build/log_gpis': CMAKE_PREFIX_PATH=${CMAKE_PREFIX_PATH}:/opt/ros/humble /usr/bin/cmake --build /home/docker-dev/ws/build/log_gpis -- -j6 -l6
[0.057s] [35m[1mConsolidate compiler generated dependencies of target logGPIS[0m
[0.061s] [  2%] Built target log_gpis__cpp
[0.063s] [ 11%] Built target log_gpis__rosidl_generator_c
[0.067s] [ 20%] Built target logGPIS
[0.071s] [ 20%] Built target ament_cmake_python_copy_log_gpis
[0.078s] [ 29%] Built target log_gpis__rosidl_typesupport_cpp
[0.078s] [ 38%] Built target log_gpis__rosidl_typesupport_introspection_cpp
[0.079s] [ 47%] Built target log_gpis__rosidl_typesupport_fastrtps_cpp
[0.080s] [ 55%] Built target log_gpis__rosidl_typesupport_fastrtps_c
[0.082s] [ 64%] Built target log_gpis__rosidl_typesupport_introspection_c
[0.085s] [ 73%] Built target log_gpis__rosidl_typesupport_c
[0.095s] [ 73%] Built target log_gpis
[0.106s] [ 76%] Built target log_gpis__py
[0.118s] [ 82%] Built target log_gpis__rosidl_generator_py
[0.130s] [ 88%] Built target log_gpis__rosidl_typesupport_introspection_c__pyext
[0.130s] [ 94%] Built target log_gpis__rosidl_typesupport_fastrtps_c__pyext
[0.133s] [100%] Built target log_gpis__rosidl_typesupport_c__pyext
[0.206s] running egg_info
[0.206s] writing log_gpis.egg-info/PKG-INFO
[0.206s] writing dependency_links to log_gpis.egg-info/dependency_links.txt
[0.206s] writing top-level names to log_gpis.egg-info/top_level.txt
[0.207s] reading manifest file 'log_gpis.egg-info/SOURCES.txt'
[0.208s] writing manifest file 'log_gpis.egg-info/SOURCES.txt'
[0.221s] [100%] Built target ament_cmake_python_build_log_gpis_egg
[0.227s] Invoked command in '/home/docker-dev/ws/build/log_gpis' returned '0': CMAKE_PREFIX_PATH=${CMAKE_PREFIX_PATH}:/opt/ros/humble /usr/bin/cmake --build /home/docker-dev/ws/build/log_gpis -- -j6 -l6
[0.263s] Invoking command in '/home/docker-dev/ws/build/log_gpis': CMAKE_PREFIX_PATH=${CMAKE_PREFIX_PATH}:/opt/ros/humble /usr/bin/cmake --install /home/docker-dev/ws/build/log_gpis
[0.267s] -- Install configuration: ""
[0.267s] -- Up-to-date: /home/docker-dev/ws/install/log_gpis/share/ament_index/resource_index/rosidl_interfaces/log_gpis
[0.267s] -- Up-to-date: /home/docker-dev/ws/install/log_gpis/include/log_gpis/log_gpis
[0.267s] -- Up-to-date: /home/docker-dev/ws/install/log_gpis/include/log_gpis/log_gpis/srv
[0.267s] -- Up-to-date: /home/docker-dev/ws/install/log_gpis/include/log_gpis/log_gpis/srv/query_estimate.h
[0.267s] -- Up-to-date: /home/docker-dev/ws/install/log_gpis/include/log_gpis/log_gpis/srv/detail
[0.267s] -- Up-to-date: /home/docker-dev/ws/install/log_gpis/include/log_gpis/log_gpis/srv/detail/query_estimate__functions.c
[0.267s] -- Up-to-date: /home/docker-dev/ws/install/log_gpis/include/log_gpis/log_gpis/srv/detail/query_estimate__struct.h
[0.267s] -- Up-to-date: /home/docker-dev/ws/install/log_gpis/include/log_gpis/log_gpis/srv/detail/query_estimate__functions.h
[0.267s] -- Up-to-date: /home/docker-dev/ws/install/log_gpis/include/log_gpis/log_gpis/srv/detail/query_estimate__type_support.h
[0.267s] -- Up-to-date: /home/docker-dev/ws/install/log_gpis/include/log_gpis/log_gpis/msg
[0.267s] -- Up-to-date: /home/docker-dev/ws/install/log_gpis/include/log_gpis/log_gpis/msg/rosidl_generator_c__visibility_control.h
[0.267s] -- Up-to-date: /home/docker-dev/ws/install/log_gpis/share/log_gpis/environment/library_path.sh
[0.267s] -- Up-to-date: /home/docker-dev/ws/install/log_gpis/share/log_gpis/environment/library_path.dsv
[0.267s] -- Up-to-date: /home/docker-dev/ws/install/log_gpis/lib/liblog_gpis__rosidl_generator_c.so
[0.267s] -- Up-to-date: /home/docker-dev/ws/install/log_gpis/include/log_gpis/log_gpis
[0.267s] -- Up-to-date: /home/docker-dev/ws/install/log_gpis/include/log_gpis/log_gpis/srv
[0.267s] -- Up-to-date: /home/docker-dev/ws/install/log_gpis/include/log_gpis/log_gpis/srv/detail
[0.267s] -- Up-to-date: /home/docker-dev/ws/install/log_gpis/include/log_gpis/log_gpis/srv/detail/query_estimate__rosidl_typesupport_fastrtps_c.h
[0.267s] -- Up-to-date: /home/docker-dev/ws/install/log_gpis/include/log_gpis/log_gpis/msg
[0.267s] -- Up-to-date: /home/docker-dev/ws/install/log_gpis/include/log_gpis/log_gpis/msg/rosidl_typesupport_fastrtps_c__visibility_control.h
[0.267s] -- Up-to-date: /home/docker-dev/ws/install/log_gpis/lib/liblog_gpis__rosidl_typesupport_fastrtps_c.so
[0.267s] -- Up-to-date: /home/docker-dev/ws/install/log_gpis/include/log_gpis/log_gpis
[0.267s] -- Up-to-date: /home/docker-dev/ws/install/log_gpis/include/log_gpis/log_gpis/srv
[0.267s] -- Up-to-date: /home/docker-dev/ws/install/log_gpis/include/log_gpis/log_gpis/srv/query_estimate.hpp
[0.267s] -- Up-to-date: /home/docker-dev/ws/install/log_gpis/include/log_gpis/log_gpis/srv/detail
[0.268s] -- Up-to-date: /home/docker-dev/ws/install/log_gpis/include/log_gpis/log_gpis/srv/detail/query_estimate__traits.hpp
[0.268s] -- Up-to-date: /home/docker-dev/ws/install/log_gpis/include/log_gpis/log_gpis/srv/detail/query_estimate__builder.hpp
[0.268s] -- Up-to-date: /home/docker-dev/ws/install/log_gpis/include/log_gpis/log_gpis/srv/detail/query_estimate__struct.hpp
[0.268s] -- Up-to-date: /home/docker-dev/ws/install/log_gpis/include/log_gpis/log_gpis
[0.268s] -- Up-to-date: /home/docker-dev/ws/install/log_gpis/include/log_gpis/log_gpis/srv
[0.268s] -- Up-to-date: /home/docker-dev/ws/install/log_gpis/include/log_gpis/log_gpis/srv/detail
[0.268s] -- Up-to-date: /home/docker-dev/ws/install/log_gpis/include/log_gpis/log_gpis/srv/detail/query_estimate__rosidl_typesupport_fastrtps_cpp.hpp
[0.268s] -- Up-to-date: /home/docker-dev/ws/install/log_gpis/include/log_gpis/log_gpis/srv/detail/dds_fastrtps
[0.268s] -- Up-to-date: /home/docker-dev/ws/install/log_gpis/include/log_gpis/log_gpis/msg
[0.268s] -- Up-to-date: /home/docker-dev/ws/install/log_gpis/include/log_gpis/log_gpis/msg/rosidl_typesupport_fastrtps_cpp__visibility_control.h
[0.268s] -- Up-to-date: /home/docker-dev/ws/install/log_gpis/lib/liblog_gpis__rosidl_typesupport_fastrtps_cpp.so
[0.268s] -- Up-to-date: /home/docker-dev/ws/install/log_gpis/include/log_gpis/log_gpis
[0.268s] -- Up-to-date: /home/docker-dev/ws/install/log_gpis/include/log_gpis/log_gpis/srv
[0.268s] -- Up-to-date: /home/docker-dev/ws/install/log_gpis/include/log_gpis/log_gpis/srv/detail
[0.268s] -- Up-to-date: /home/docker-dev/ws/install/log_gpis/include/log_gpis/log_gpis/srv/detail/query_estimate__type_support.c
[0.268s] -- Up-to-date: /home/docker-dev/ws/install/log_gpis/include/log_gpis/log_gpis/srv/detail/query_estimate__rosidl_typesupport_introspection_c.h
[0.268s] -- Up-to-date: /home/docker-dev/ws/install/log_gpis/include/log_gpis/log_gpis/msg
[0.268s] -- Up-to-date: /home/docker-dev/ws/install/log_gpis/include/log_gpis/log_gpis/msg/rosidl_typesupport_introspection_c__visibility_control.h
[0.268s] -- Up-to-date: /home/docker-dev/ws/install/log_gpis/lib/liblog_gpis__rosidl_typesupport_introspection_c.so
[0.268s] -- Up-to-date: /home/docker-dev/ws/install/log_gpis/lib/liblog_gpis__rosidl_typesupport_c.so
[0.268s] -- Up-to-date: /home/docker-dev/ws/install/log_gpis/include/log_gpis/log_gpis
[0.268s] -- Up-to-date: /home/docker-dev/ws/install/log_gpis/include/log_gpis/log_gpis/srv
[0.268s] -- Up-to-date: /home/docker-dev/ws/install/log_gpis/include/log_gpis/log_gpis/srv/detail
[0.268s] -- Up-to-date: /home/docker-dev/ws/install/log_gpis/include/log_gpis/log_gpis/srv/detail/query_estimate__rosidl_typesupport_introspection_cpp.hpp
[0.268s] -- Up-to-date: /home/docker-dev/ws/install/log_gpis/include/log_gpis/log_gpis/srv/detail/query_estimate__type_support.cpp
[0.268s] -- Up-to-date: /home/docker-dev/ws/install/log_gpis/lib/liblog_gpis__rosidl_typesupport_introspection_cpp.so
[0.268s] -- Up-to-date: /home/docker-dev/ws/install/log_gpis/lib/liblog_gpis__rosidl_typesupport_cpp.so
[0.268s] -- Up-to-date: /home/docker-dev/ws/install/log_gpis/share/log_gpis/environment/pythonpath.sh
[0.268s] -- Up-to-date: /home/docker-dev/ws/install/log_gpis/share/log_gpis/environment/pythonpath.dsv
[0.268s] -- Up-to-date: /home/docker-dev/ws/install/log_gpis/local/lib/python3.10/dist-packages/log_gpis-0.0.1-py3.10.egg-info
[0.268s] -- Installing: /home/docker-dev/ws/install/log_gpis/local/lib/python3.10/dist-packages/log_gpis-0.0.1-py3.10.egg-info/dependency_links.txt
[0.268s] -- Installing: /home/docker-dev/ws/install/log_gpis/local/lib/python3.10/dist-packages/log_gpis-0.0.1-py3.10.egg-info/SOURCES.txt
[0.268s] -- Installing: /home/docker-dev/ws/install/log_gpis/local/lib/python3.10/dist-packages/log_gpis-0.0.1-py3.10.egg-info/top_level.txt
[0.268s] -- Installing: /home/docker-dev/ws/install/log_gpis/local/lib/python3.10/dist-packages/log_gpis-0.0.1-py3.10.egg-info/PKG-INFO
[0.268s] -- Up-to-date: /home/docker-dev/ws/install/log_gpis/local/lib/python3.10/dist-packages/log_gpis
[0.269s] -- Up-to-date: /home/docker-dev/ws/install/log_gpis/local/lib/python3.10/dist-packages/log_gpis/_log_gpis_s.ep.rosidl_typesupport_introspection_c.c
[0.269s] -- Up-to-date: /home/docker-dev/ws/install/log_gpis/local/lib/python3.10/dist-packages/log_gpis/log_gpis_s__rosidl_typesupport_fastrtps_c.cpython-310-x86_64-linux-gnu.so
[0.269s] -- Up-to-date: /home/docker-dev/ws/install/log_gpis/local/lib/python3.10/dist-packages/log_gpis/_log_gpis_s.ep.rosidl_typesupport_fastrtps_c.c
[0.269s] -- Up-to-date: /home/docker-dev/ws/install/log_gpis/local/lib/python3.10/dist-packages/log_gpis/srv
[0.269s] -- Up-to-date: /home/docker-dev/ws/install/log_gpis/local/lib/python3.10/dist-packages/log_gpis/srv/_query_estimate_s.c
[0.269s] -- Up-to-date: /home/docker-dev/ws/install/log_gpis/local/lib/python3.10/dist-packages/log_gpis/srv/_query_estimate.py
[0.269s] -- Up-to-date: /home/docker-dev/ws/install/log_gpis/local/lib/python3.10/dist-packages/log_gpis/srv/__init__.py
[0.269s] -- Up-to-date: /home/docker-dev/ws/install/log_gpis/local/lib/python3.10/dist-packages/log_gpis/liblog_gpis__rosidl_generator_py.so
[0.269s] -- Up-to-date: /home/docker-dev/ws/install/log_gpis/local/lib/python3.10/dist-packages/log_gpis/_log_gpis_s.ep.rosidl_typesupport_c.c
[0.269s] -- Up-to-date: /home/docker-dev/ws/install/log_gpis/local/lib/python3.10/dist-packages/log_gpis/__init__.py
[0.269s] -- Up-to-date: /home/docker-dev/ws/install/log_gpis/local/lib/python3.10/dist-packages/log_gpis/log_gpis_s__rosidl_typesupport_introspection_c.cpython-310-x86_64-linux-gnu.so
[0.269s] -- Up-to-date: /home/docker-dev/ws/install/log_gpis/local/lib/python3.10/dist-packages/log_gpis/log_gpis_s__rosidl_typesupport_c.cpython-310-x86_64-linux-gnu.so
[0.286s] Listing '/home/docker-dev/ws/install/log_gpis/local/lib/python3.10/dist-packages/log_gpis'...
[0.286s] Listing '/home/docker-dev/ws/install/log_gpis/local/lib/python3.10/dist-packages/log_gpis/srv'...
[0.288s] -- Up-to-date: /home/docker-dev/ws/install/log_gpis/local/lib/python3.10/dist-packages/log_gpis/log_gpis_s__rosidl_typesupport_fastrtps_c.cpython-310-x86_64-linux-gnu.so
[0.288s] -- Up-to-date: /home/docker-dev/ws/install/log_gpis/local/lib/python3.10/dist-packages/log_gpis/log_gpis_s__rosidl_typesupport_introspection_c.cpython-310-x86_64-linux-gnu.so
[0.288s] -- Up-to-date: /home/docker-dev/ws/install/log_gpis/local/lib/python3.10/dist-packages/log_gpis/log_gpis_s__rosidl_typesupport_c.cpython-310-x86_64-linux-gnu.so
[0.288s] -- Up-to-date: /home/docker-dev/ws/install/log_gpis/lib/liblog_gpis__rosidl_generator_py.so
[0.288s] -- Up-to-date: /home/docker-dev/ws/install/log_gpis/share/log_gpis/srv/QueryEstimate.idl
[0.288s] -- Up-to-date: /home/docker-dev/ws/install/log_gpis/share/log_gpis/srv/QueryEstimate.srv
[0.288s] -- Up-to-date: /home/docker-dev/ws/install/log_gpis/share/log_gpis/srv/QueryEstimate_Request.msg
[0.288s] -- Up-to-date: /home/docker-dev/ws/install/log_gpis/share/log_gpis/srv/QueryEstimate_Response.msg
[0.288s] -- Up-to-date: /home/docker-dev/ws/install/log_gpis/include/log_gpis
[0.288s] -- Up-to-date: /home/docker-dev/ws/install/log_gpis/include/log_gpis/gp_matern32.hpp
[0.289s] -- Up-to-date: /home/docker-dev/ws/install/log_gpis/include/log_gpis/logGPIS.hpp
[0.289s] -- Up-to-date: /home/docker-dev/ws/install/log_gpis/include/log_gpis/.logGPIS.hpp.swp
[0.289s] -- Up-to-date: /home/docker-dev/ws/install/log_gpis/lib/liblogGPIS.so
[0.289s] -- Up-to-date: /home/docker-dev/ws/install/log_gpis/share/ament_index/resource_index/package_run_dependencies/log_gpis
[0.289s] -- Up-to-date: /home/docker-dev/ws/install/log_gpis/share/ament_index/resource_index/parent_prefix_path/log_gpis
[0.289s] -- Up-to-date: /home/docker-dev/ws/install/log_gpis/share/log_gpis/environment/ament_prefix_path.sh
[0.289s] -- Up-to-date: /home/docker-dev/ws/install/log_gpis/share/log_gpis/environment/ament_prefix_path.dsv
[0.289s] -- Up-to-date: /home/docker-dev/ws/install/log_gpis/share/log_gpis/environment/path.sh
[0.289s] -- Up-to-date: /home/docker-dev/ws/install/log_gpis/share/log_gpis/environment/path.dsv
[0.289s] -- Up-to-date: /home/docker-dev/ws/install/log_gpis/share/log_gpis/local_setup.bash
[0.289s] -- Up-to-date: /home/docker-dev/ws/install/log_gpis/share/log_gpis/local_setup.sh
[0.289s] -- Up-to-date: /home/docker-dev/ws/install/log_gpis/share/log_gpis/local_setup.zsh
[0.289s] -- Up-to-date: /home/docker-dev/ws/install/log_gpis/share/log_gpis/local_setup.dsv
[0.289s] -- Installing: /home/docker-dev/ws/install/log_gpis/share/log_gpis/package.dsv
[0.289s] -- Up-to-date: /home/docker-dev/ws/install/log_gpis/share/ament_index/resource_index/packages/log_gpis
[0.289s] -- Up-to-date: /home/docker-dev/ws/install/log_gpis/share/log_gpis/cmake/export_log_gpis__rosidl_generator_cExport.cmake
[0.289s] -- Up-to-date: /home/docker-dev/ws/install/log_gpis/share/log_gpis/cmake/export_log_gpis__rosidl_generator_cExport-noconfig.cmake
[0.289s] -- Up-to-date: /home/docker-dev/ws/install/log_gpis/share/log_gpis/cmake/export_log_gpis__rosidl_typesupport_fastrtps_cExport.cmake
[0.289s] -- Up-to-date: /home/docker-dev/ws/install/log_gpis/share/log_gpis/cmake/export_log_gpis__rosidl_typesupport_fastrtps_cExport-noconfig.cmake
[0.289s] -- Up-to-date: /home/docker-dev/ws/install/log_gpis/share/log_gpis/cmake/export_log_gpis__rosidl_generator_cppExport.cmake
[0.289s] -- Up-to-date: /home/docker-dev/ws/install/log_gpis/share/log_gpis/cmake/export_log_gpis__rosidl_typesupport_fastrtps_cppExport.cmake
[0.289s] -- Up-to-date: /home/docker-dev/ws/install/log_gpis/share/log_gpis/cmake/export_log_gpis__rosidl_typesupport_fastrtps_cppExport-noconfig.cmake
[0.289s] -- Up-to-date: /home/docker-dev/ws/install/log_gpis/share/log_gpis/cmake/log_gpis__rosidl_typesupport_introspection_cExport.cmake
[0.289s] -- Up-to-date: /home/docker-dev/ws/install/log_gpis/share/log_gpis/cmake/log_gpis__rosidl_typesupport_introspection_cExport-noconfig.cmake
[0.289s] -- Up-to-date: /home/docker-dev/ws/install/log_gpis/share/log_gpis/cmake/log_gpis__rosidl_typesupport_cExport.cmake
[0.289s] -- Up-to-date: /home/docker-dev/ws/install/log_gpis/share/log_gpis/cmake/log_gpis__rosidl_typesupport_cExport-noconfig.cmake
[0.289s] -- Up-to-date: /home/docker-dev/ws/install/log_gpis/share/log_gpis/cmake/log_gpis__rosidl_typesupport_introspection_cppExport.cmake
[0.289s] -- Up-to-date: /home/docker-dev/ws/install/log_gpis/share/log_gpis/cmake/log_gpis__rosidl_typesupport_introspection_cppExport-noconfig.cmake
[0.289s] -- Up-to-date: /home/docker-dev/ws/install/log_gpis/share/log_gpis/cmake/log_gpis__rosidl_typesupport_cppExport.cmake
[0.289s] -- Up-to-date: /home/docker-dev/ws/install/log_gpis/share/log_gpis/cmake/log_gpis__rosidl_typesupport_cppExport-noconfig.cmake
[0.289s] -- Up-to-date: /home/docker-dev/ws/install/log_gpis/share/log_gpis/cmake/export_log_gpis__rosidl_generator_pyExport.cmake
[0.289s] -- Up-to-date: /home/docker-dev/ws/install/log_gpis/share/log_gpis/cmake/export_log_gpis__rosidl_generator_pyExport-noconfig.cmake
[0.289s] -- Up-to-date: /home/docker-dev/ws/install/log_gpis/share/log_gpis/cmake/logGPISExport.cmake
[0.289s] -- Up-to-date: /home/docker-dev/ws/install/log_gpis/share/log_gpis/cmake/logGPISExport-noconfig.cmake
[0.290s] -- Up-to-date: /home/docker-dev/ws/install/log_gpis/share/log_gpis/cmake/rosidl_cmake-extras.cmake
[0.290s] -- Up-to-date: /home/docker-dev/ws/install/log_gpis/share/log_gpis/cmake/ament_cmake_export_include_directories-extras.cmake
[0.290s] -- Up-to-date: /home/docker-dev/ws/install/log_gpis/share/log_gpis/cmake/ament_cmake_export_libraries-extras.cmake
[0.290s] -- Up-to-date: /home/docker-dev/ws/install/log_gpis/share/log_gpis/cmake/ament_cmake_export_targets-extras.cmake
[0.290s] -- Up-to-date: /home/docker-dev/ws/install/log_gpis/share/log_gpis/cmake/rosidl_cmake_export_typesupport_targets-extras.cmake
[0.290s] -- Up-to-date: /home/docker-dev/ws/install/log_gpis/share/log_gpis/cmake/ament_cmake_export_dependencies-extras.cmake
[0.290s] -- Up-to-date: /home/docker-dev/ws/install/log_gpis/share/log_gpis/cmake/rosidl_cmake_export_typesupport_libraries-extras.cmake
[0.290s] -- Up-to-date: /home/docker-dev/ws/install/log_gpis/share/log_gpis/cmake/log_gpisConfig.cmake
[0.290s] -- Up-to-date: /home/docker-dev/ws/install/log_gpis/share/log_gpis/cmake/log_gpisConfig-version.cmake
[0.290s] -- Up-to-date: /home/docker-dev/ws/install/log_gpis/share/log_gpis/package.xml
[0.291s] Invoked command in '/home/docker-dev/ws/build/log_gpis' returned '0': CMAKE_PREFIX_PATH=${CMAKE_PREFIX_PATH}:/opt/ros/humble /usr/bin/cmake --install /home/docker-dev/ws/build/log_gpis
