[0.034s] Invoking command in '/home/docker-dev/ws/build/log_gpis': CMAKE_PREFIX_PATH=${CMAKE_PREFIX_PATH}:/opt/ros/humble /usr/bin/cmake --build /home/docker-dev/ws/build/log_gpis -- -j6 -l6
[0.061s] [35m[1mConsolidate compiler generated dependencies of target logGPIS[0m
[0.063s] [  8%] Built target log_gpis__rosidl_generator_c
[0.066s] [ 11%] Built target log_gpis__cpp
[0.070s] [ 11%] Built target ament_cmake_python_copy_log_gpis
[0.073s] [ 14%] [32mBuilding CXX object CMakeFiles/logGPIS.dir/src/logGPIS.cpp.o[0m
[0.079s] [ 23%] Built target log_gpis__rosidl_typesupport_introspection_c
[0.079s] [ 32%] Built target log_gpis__rosidl_typesupport_c
[0.080s] [ 41%] Built target log_gpis__rosidl_typesupport_fastrtps_c
[0.082s] [ 50%] Built target log_gpis__rosidl_typesupport_cpp
[0.088s] [ 58%] Built target log_gpis__rosidl_typesupport_fastrtps_cpp
[0.094s] [ 67%] Built target log_gpis__rosidl_typesupport_introspection_cpp
[0.105s] [ 67%] Built target log_gpis
[0.116s] [ 70%] Built target log_gpis__py
[0.128s] [ 76%] Built target log_gpis__rosidl_generator_py
[0.146s] [ 94%] Built target log_gpis__rosidl_typesupport_introspection_c__pyext
[0.146s] [ 94%] Built target log_gpis__rosidl_typesupport_fastrtps_c__pyext
[0.146s] [ 94%] Built target log_gpis__rosidl_typesupport_c__pyext
[0.213s] running egg_info
[0.214s] writing log_gpis.egg-info/PKG-INFO
[0.214s] writing dependency_links to log_gpis.egg-info/dependency_links.txt
[0.214s] writing top-level names to log_gpis.egg-info/top_level.txt
[0.215s] reading manifest file 'log_gpis.egg-info/SOURCES.txt'
[0.215s] writing manifest file 'log_gpis.egg-info/SOURCES.txt'
[0.231s] [ 94%] Built target ament_cmake_python_build_log_gpis_egg
[0.905s] [ 97%] [32m[1mLinking CXX shared library liblogGPIS.so[0m
[1.099s] [100%] Built target logGPIS
[1.113s] Invoked command in '/home/docker-dev/ws/build/log_gpis' returned '0': CMAKE_PREFIX_PATH=${CMAKE_PREFIX_PATH}:/opt/ros/humble /usr/bin/cmake --build /home/docker-dev/ws/build/log_gpis -- -j6 -l6
[1.150s] Invoking command in '/home/docker-dev/ws/build/log_gpis': CMAKE_PREFIX_PATH=${CMAKE_PREFIX_PATH}:/opt/ros/humble /usr/bin/cmake --install /home/docker-dev/ws/build/log_gpis
[1.155s] -- Install configuration: ""
[1.155s] -- Up-to-date: /home/docker-dev/ws/install/log_gpis/share/ament_index/resource_index/rosidl_interfaces/log_gpis
[1.155s] -- Up-to-date: /home/docker-dev/ws/install/log_gpis/include/log_gpis/log_gpis
[1.155s] -- Up-to-date: /home/docker-dev/ws/install/log_gpis/include/log_gpis/log_gpis/srv
[1.155s] -- Up-to-date: /home/docker-dev/ws/install/log_gpis/include/log_gpis/log_gpis/srv/query_estimate.h
[1.155s] -- Up-to-date: /home/docker-dev/ws/install/log_gpis/include/log_gpis/log_gpis/srv/detail
[1.155s] -- Up-to-date: /home/docker-dev/ws/install/log_gpis/include/log_gpis/log_gpis/srv/detail/query_estimate__functions.c
[1.155s] -- Up-to-date: /home/docker-dev/ws/install/log_gpis/include/log_gpis/log_gpis/srv/detail/query_estimate__struct.h
[1.155s] -- Up-to-date: /home/docker-dev/ws/install/log_gpis/include/log_gpis/log_gpis/srv/detail/query_estimate__functions.h
[1.155s] -- Up-to-date: /home/docker-dev/ws/install/log_gpis/include/log_gpis/log_gpis/srv/detail/query_estimate__type_support.h
[1.155s] -- Up-to-date: /home/docker-dev/ws/install/log_gpis/include/log_gpis/log_gpis/msg
[1.155s] -- Up-to-date: /home/docker-dev/ws/install/log_gpis/include/log_gpis/log_gpis/msg/rosidl_generator_c__visibility_control.h
[1.155s] -- Up-to-date: /home/docker-dev/ws/install/log_gpis/share/log_gpis/environment/library_path.sh
[1.155s] -- Up-to-date: /home/docker-dev/ws/install/log_gpis/share/log_gpis/environment/library_path.dsv
[1.155s] -- Up-to-date: /home/docker-dev/ws/install/log_gpis/lib/liblog_gpis__rosidl_generator_c.so
[1.155s] -- Up-to-date: /home/docker-dev/ws/install/log_gpis/include/log_gpis/log_gpis
[1.155s] -- Up-to-date: /home/docker-dev/ws/install/log_gpis/include/log_gpis/log_gpis/srv
[1.155s] -- Up-to-date: /home/docker-dev/ws/install/log_gpis/include/log_gpis/log_gpis/srv/detail
[1.155s] -- Up-to-date: /home/docker-dev/ws/install/log_gpis/include/log_gpis/log_gpis/srv/detail/query_estimate__rosidl_typesupport_fastrtps_c.h
[1.155s] -- Up-to-date: /home/docker-dev/ws/install/log_gpis/include/log_gpis/log_gpis/msg
[1.155s] -- Up-to-date: /home/docker-dev/ws/install/log_gpis/include/log_gpis/log_gpis/msg/rosidl_typesupport_fastrtps_c__visibility_control.h
[1.155s] -- Up-to-date: /home/docker-dev/ws/install/log_gpis/lib/liblog_gpis__rosidl_typesupport_fastrtps_c.so
[1.155s] -- Up-to-date: /home/docker-dev/ws/install/log_gpis/include/log_gpis/log_gpis
[1.155s] -- Up-to-date: /home/docker-dev/ws/install/log_gpis/include/log_gpis/log_gpis/srv
[1.155s] -- Up-to-date: /home/docker-dev/ws/install/log_gpis/include/log_gpis/log_gpis/srv/query_estimate.hpp
[1.155s] -- Up-to-date: /home/docker-dev/ws/install/log_gpis/include/log_gpis/log_gpis/srv/detail
[1.155s] -- Up-to-date: /home/docker-dev/ws/install/log_gpis/include/log_gpis/log_gpis/srv/detail/query_estimate__traits.hpp
[1.156s] -- Up-to-date: /home/docker-dev/ws/install/log_gpis/include/log_gpis/log_gpis/srv/detail/query_estimate__builder.hpp
[1.156s] -- Up-to-date: /home/docker-dev/ws/install/log_gpis/include/log_gpis/log_gpis/srv/detail/query_estimate__struct.hpp
[1.156s] -- Up-to-date: /home/docker-dev/ws/install/log_gpis/include/log_gpis/log_gpis
[1.156s] -- Up-to-date: /home/docker-dev/ws/install/log_gpis/include/log_gpis/log_gpis/srv
[1.156s] -- Up-to-date: /home/docker-dev/ws/install/log_gpis/include/log_gpis/log_gpis/srv/detail
[1.156s] -- Up-to-date: /home/docker-dev/ws/install/log_gpis/include/log_gpis/log_gpis/srv/detail/query_estimate__rosidl_typesupport_fastrtps_cpp.hpp
[1.156s] -- Up-to-date: /home/docker-dev/ws/install/log_gpis/include/log_gpis/log_gpis/srv/detail/dds_fastrtps
[1.156s] -- Up-to-date: /home/docker-dev/ws/install/log_gpis/include/log_gpis/log_gpis/msg
[1.156s] -- Up-to-date: /home/docker-dev/ws/install/log_gpis/include/log_gpis/log_gpis/msg/rosidl_typesupport_fastrtps_cpp__visibility_control.h
[1.156s] -- Up-to-date: /home/docker-dev/ws/install/log_gpis/lib/liblog_gpis__rosidl_typesupport_fastrtps_cpp.so
[1.156s] -- Up-to-date: /home/docker-dev/ws/install/log_gpis/include/log_gpis/log_gpis
[1.156s] -- Up-to-date: /home/docker-dev/ws/install/log_gpis/include/log_gpis/log_gpis/srv
[1.156s] -- Up-to-date: /home/docker-dev/ws/install/log_gpis/include/log_gpis/log_gpis/srv/detail
[1.156s] -- Up-to-date: /home/docker-dev/ws/install/log_gpis/include/log_gpis/log_gpis/srv/detail/query_estimate__type_support.c
[1.156s] -- Up-to-date: /home/docker-dev/ws/install/log_gpis/include/log_gpis/log_gpis/srv/detail/query_estimate__rosidl_typesupport_introspection_c.h
[1.156s] -- Up-to-date: /home/docker-dev/ws/install/log_gpis/include/log_gpis/log_gpis/msg
[1.156s] -- Up-to-date: /home/docker-dev/ws/install/log_gpis/include/log_gpis/log_gpis/msg/rosidl_typesupport_introspection_c__visibility_control.h
[1.156s] -- Up-to-date: /home/docker-dev/ws/install/log_gpis/lib/liblog_gpis__rosidl_typesupport_introspection_c.so
[1.156s] -- Up-to-date: /home/docker-dev/ws/install/log_gpis/lib/liblog_gpis__rosidl_typesupport_c.so
[1.156s] -- Up-to-date: /home/docker-dev/ws/install/log_gpis/include/log_gpis/log_gpis
[1.156s] -- Up-to-date: /home/docker-dev/ws/install/log_gpis/include/log_gpis/log_gpis/srv
[1.156s] -- Up-to-date: /home/docker-dev/ws/install/log_gpis/include/log_gpis/log_gpis/srv/detail
[1.156s] -- Up-to-date: /home/docker-dev/ws/install/log_gpis/include/log_gpis/log_gpis/srv/detail/query_estimate__rosidl_typesupport_introspection_cpp.hpp
[1.156s] -- Up-to-date: /home/docker-dev/ws/install/log_gpis/include/log_gpis/log_gpis/srv/detail/query_estimate__type_support.cpp
[1.156s] -- Up-to-date: /home/docker-dev/ws/install/log_gpis/lib/liblog_gpis__rosidl_typesupport_introspection_cpp.so
[1.156s] -- Up-to-date: /home/docker-dev/ws/install/log_gpis/lib/liblog_gpis__rosidl_typesupport_cpp.so
[1.156s] -- Up-to-date: /home/docker-dev/ws/install/log_gpis/share/log_gpis/environment/pythonpath.sh
[1.156s] -- Up-to-date: /home/docker-dev/ws/install/log_gpis/share/log_gpis/environment/pythonpath.dsv
[1.156s] -- Up-to-date: /home/docker-dev/ws/install/log_gpis/local/lib/python3.10/dist-packages/log_gpis-0.0.1-py3.10.egg-info
[1.156s] -- Installing: /home/docker-dev/ws/install/log_gpis/local/lib/python3.10/dist-packages/log_gpis-0.0.1-py3.10.egg-info/dependency_links.txt
[1.156s] -- Installing: /home/docker-dev/ws/install/log_gpis/local/lib/python3.10/dist-packages/log_gpis-0.0.1-py3.10.egg-info/SOURCES.txt
[1.156s] -- Installing: /home/docker-dev/ws/install/log_gpis/local/lib/python3.10/dist-packages/log_gpis-0.0.1-py3.10.egg-info/top_level.txt
[1.156s] -- Installing: /home/docker-dev/ws/install/log_gpis/local/lib/python3.10/dist-packages/log_gpis-0.0.1-py3.10.egg-info/PKG-INFO
[1.156s] -- Up-to-date: /home/docker-dev/ws/install/log_gpis/local/lib/python3.10/dist-packages/log_gpis
[1.156s] -- Up-to-date: /home/docker-dev/ws/install/log_gpis/local/lib/python3.10/dist-packages/log_gpis/_log_gpis_s.ep.rosidl_typesupport_introspection_c.c
[1.156s] -- Up-to-date: /home/docker-dev/ws/install/log_gpis/local/lib/python3.10/dist-packages/log_gpis/log_gpis_s__rosidl_typesupport_fastrtps_c.cpython-310-x86_64-linux-gnu.so
[1.156s] -- Up-to-date: /home/docker-dev/ws/install/log_gpis/local/lib/python3.10/dist-packages/log_gpis/_log_gpis_s.ep.rosidl_typesupport_fastrtps_c.c
[1.157s] -- Up-to-date: /home/docker-dev/ws/install/log_gpis/local/lib/python3.10/dist-packages/log_gpis/srv
[1.157s] -- Up-to-date: /home/docker-dev/ws/install/log_gpis/local/lib/python3.10/dist-packages/log_gpis/srv/_query_estimate_s.c
[1.157s] -- Up-to-date: /home/docker-dev/ws/install/log_gpis/local/lib/python3.10/dist-packages/log_gpis/srv/_query_estimate.py
[1.157s] -- Up-to-date: /home/docker-dev/ws/install/log_gpis/local/lib/python3.10/dist-packages/log_gpis/srv/__init__.py
[1.157s] -- Up-to-date: /home/docker-dev/ws/install/log_gpis/local/lib/python3.10/dist-packages/log_gpis/liblog_gpis__rosidl_generator_py.so
[1.157s] -- Up-to-date: /home/docker-dev/ws/install/log_gpis/local/lib/python3.10/dist-packages/log_gpis/_log_gpis_s.ep.rosidl_typesupport_c.c
[1.157s] -- Up-to-date: /home/docker-dev/ws/install/log_gpis/local/lib/python3.10/dist-packages/log_gpis/__init__.py
[1.157s] -- Up-to-date: /home/docker-dev/ws/install/log_gpis/local/lib/python3.10/dist-packages/log_gpis/log_gpis_s__rosidl_typesupport_introspection_c.cpython-310-x86_64-linux-gnu.so
[1.157s] -- Up-to-date: /home/docker-dev/ws/install/log_gpis/local/lib/python3.10/dist-packages/log_gpis/log_gpis_s__rosidl_typesupport_c.cpython-310-x86_64-linux-gnu.so
[1.175s] Listing '/home/docker-dev/ws/install/log_gpis/local/lib/python3.10/dist-packages/log_gpis'...
[1.175s] Listing '/home/docker-dev/ws/install/log_gpis/local/lib/python3.10/dist-packages/log_gpis/srv'...
[1.177s] -- Up-to-date: /home/docker-dev/ws/install/log_gpis/local/lib/python3.10/dist-packages/log_gpis/log_gpis_s__rosidl_typesupport_fastrtps_c.cpython-310-x86_64-linux-gnu.so
[1.177s] -- Up-to-date: /home/docker-dev/ws/install/log_gpis/local/lib/python3.10/dist-packages/log_gpis/log_gpis_s__rosidl_typesupport_introspection_c.cpython-310-x86_64-linux-gnu.so
[1.177s] -- Up-to-date: /home/docker-dev/ws/install/log_gpis/local/lib/python3.10/dist-packages/log_gpis/log_gpis_s__rosidl_typesupport_c.cpython-310-x86_64-linux-gnu.so
[1.177s] -- Up-to-date: /home/docker-dev/ws/install/log_gpis/lib/liblog_gpis__rosidl_generator_py.so
[1.178s] -- Up-to-date: /home/docker-dev/ws/install/log_gpis/share/log_gpis/srv/QueryEstimate.idl
[1.178s] -- Up-to-date: /home/docker-dev/ws/install/log_gpis/share/log_gpis/srv/QueryEstimate.srv
[1.178s] -- Up-to-date: /home/docker-dev/ws/install/log_gpis/share/log_gpis/srv/QueryEstimate_Request.msg
[1.178s] -- Up-to-date: /home/docker-dev/ws/install/log_gpis/share/log_gpis/srv/QueryEstimate_Response.msg
[1.178s] -- Up-to-date: /home/docker-dev/ws/install/log_gpis/include/log_gpis
[1.178s] -- Up-to-date: /home/docker-dev/ws/install/log_gpis/include/log_gpis/gp_matern32.hpp
[1.178s] -- Installing: /home/docker-dev/ws/install/log_gpis/include/log_gpis/logGPIS.hpp
[1.178s] -- Installing: /home/docker-dev/ws/install/log_gpis/include/log_gpis/.logGPIS.hpp.swp
[1.178s] -- Installing: /home/docker-dev/ws/install/log_gpis/lib/liblogGPIS.so
[1.182s] -- Up-to-date: /home/docker-dev/ws/install/log_gpis/share/ament_index/resource_index/package_run_dependencies/log_gpis
[1.182s] -- Up-to-date: /home/docker-dev/ws/install/log_gpis/share/ament_index/resource_index/parent_prefix_path/log_gpis
[1.182s] -- Up-to-date: /home/docker-dev/ws/install/log_gpis/share/log_gpis/environment/ament_prefix_path.sh
[1.182s] -- Up-to-date: /home/docker-dev/ws/install/log_gpis/share/log_gpis/environment/ament_prefix_path.dsv
[1.183s] -- Up-to-date: /home/docker-dev/ws/install/log_gpis/share/log_gpis/environment/path.sh
[1.183s] -- Up-to-date: /home/docker-dev/ws/install/log_gpis/share/log_gpis/environment/path.dsv
[1.183s] -- Up-to-date: /home/docker-dev/ws/install/log_gpis/share/log_gpis/local_setup.bash
[1.183s] -- Up-to-date: /home/docker-dev/ws/install/log_gpis/share/log_gpis/local_setup.sh
[1.183s] -- Up-to-date: /home/docker-dev/ws/install/log_gpis/share/log_gpis/local_setup.zsh
[1.183s] -- Up-to-date: /home/docker-dev/ws/install/log_gpis/share/log_gpis/local_setup.dsv
[1.183s] -- Installing: /home/docker-dev/ws/install/log_gpis/share/log_gpis/package.dsv
[1.183s] -- Up-to-date: /home/docker-dev/ws/install/log_gpis/share/ament_index/resource_index/packages/log_gpis
[1.183s] -- Up-to-date: /home/docker-dev/ws/install/log_gpis/share/log_gpis/cmake/export_log_gpis__rosidl_generator_cExport.cmake
[1.183s] -- Up-to-date: /home/docker-dev/ws/install/log_gpis/share/log_gpis/cmake/export_log_gpis__rosidl_generator_cExport-noconfig.cmake
[1.183s] -- Up-to-date: /home/docker-dev/ws/install/log_gpis/share/log_gpis/cmake/export_log_gpis__rosidl_typesupport_fastrtps_cExport.cmake
[1.183s] -- Up-to-date: /home/docker-dev/ws/install/log_gpis/share/log_gpis/cmake/export_log_gpis__rosidl_typesupport_fastrtps_cExport-noconfig.cmake
[1.183s] -- Up-to-date: /home/docker-dev/ws/install/log_gpis/share/log_gpis/cmake/export_log_gpis__rosidl_generator_cppExport.cmake
[1.183s] -- Up-to-date: /home/docker-dev/ws/install/log_gpis/share/log_gpis/cmake/export_log_gpis__rosidl_typesupport_fastrtps_cppExport.cmake
[1.183s] -- Up-to-date: /home/docker-dev/ws/install/log_gpis/share/log_gpis/cmake/export_log_gpis__rosidl_typesupport_fastrtps_cppExport-noconfig.cmake
[1.183s] -- Up-to-date: /home/docker-dev/ws/install/log_gpis/share/log_gpis/cmake/log_gpis__rosidl_typesupport_introspection_cExport.cmake
[1.183s] -- Up-to-date: /home/docker-dev/ws/install/log_gpis/share/log_gpis/cmake/log_gpis__rosidl_typesupport_introspection_cExport-noconfig.cmake
[1.183s] -- Up-to-date: /home/docker-dev/ws/install/log_gpis/share/log_gpis/cmake/log_gpis__rosidl_typesupport_cExport.cmake
[1.183s] -- Up-to-date: /home/docker-dev/ws/install/log_gpis/share/log_gpis/cmake/log_gpis__rosidl_typesupport_cExport-noconfig.cmake
[1.183s] -- Up-to-date: /home/docker-dev/ws/install/log_gpis/share/log_gpis/cmake/log_gpis__rosidl_typesupport_introspection_cppExport.cmake
[1.183s] -- Up-to-date: /home/docker-dev/ws/install/log_gpis/share/log_gpis/cmake/log_gpis__rosidl_typesupport_introspection_cppExport-noconfig.cmake
[1.183s] -- Up-to-date: /home/docker-dev/ws/install/log_gpis/share/log_gpis/cmake/log_gpis__rosidl_typesupport_cppExport.cmake
[1.183s] -- Up-to-date: /home/docker-dev/ws/install/log_gpis/share/log_gpis/cmake/log_gpis__rosidl_typesupport_cppExport-noconfig.cmake
[1.183s] -- Up-to-date: /home/docker-dev/ws/install/log_gpis/share/log_gpis/cmake/export_log_gpis__rosidl_generator_pyExport.cmake
[1.183s] -- Up-to-date: /home/docker-dev/ws/install/log_gpis/share/log_gpis/cmake/export_log_gpis__rosidl_generator_pyExport-noconfig.cmake
[1.183s] -- Up-to-date: /home/docker-dev/ws/install/log_gpis/share/log_gpis/cmake/logGPISExport.cmake
[1.183s] -- Up-to-date: /home/docker-dev/ws/install/log_gpis/share/log_gpis/cmake/logGPISExport-noconfig.cmake
[1.183s] -- Up-to-date: /home/docker-dev/ws/install/log_gpis/share/log_gpis/cmake/rosidl_cmake-extras.cmake
[1.184s] -- Up-to-date: /home/docker-dev/ws/install/log_gpis/share/log_gpis/cmake/ament_cmake_export_include_directories-extras.cmake
[1.184s] -- Up-to-date: /home/docker-dev/ws/install/log_gpis/share/log_gpis/cmake/ament_cmake_export_libraries-extras.cmake
[1.184s] -- Up-to-date: /home/docker-dev/ws/install/log_gpis/share/log_gpis/cmake/ament_cmake_export_targets-extras.cmake
[1.184s] -- Up-to-date: /home/docker-dev/ws/install/log_gpis/share/log_gpis/cmake/rosidl_cmake_export_typesupport_targets-extras.cmake
[1.184s] -- Up-to-date: /home/docker-dev/ws/install/log_gpis/share/log_gpis/cmake/ament_cmake_export_dependencies-extras.cmake
[1.184s] -- Up-to-date: /home/docker-dev/ws/install/log_gpis/share/log_gpis/cmake/rosidl_cmake_export_typesupport_libraries-extras.cmake
[1.184s] -- Up-to-date: /home/docker-dev/ws/install/log_gpis/share/log_gpis/cmake/log_gpisConfig.cmake
[1.184s] -- Up-to-date: /home/docker-dev/ws/install/log_gpis/share/log_gpis/cmake/log_gpisConfig-version.cmake
[1.184s] -- Up-to-date: /home/docker-dev/ws/install/log_gpis/share/log_gpis/package.xml
[1.185s] Invoked command in '/home/docker-dev/ws/build/log_gpis' returned '0': CMAKE_PREFIX_PATH=${CMAKE_PREFIX_PATH}:/opt/ros/humble /usr/bin/cmake --install /home/docker-dev/ws/build/log_gpis
