[0.551s] DEBUG:colcon:Command line arguments: ['/usr/bin/colcon', 'build', '--packages-select', 'log_gpis']
[0.551s] DEBUG:colcon:Parsed command line arguments: Namespace(log_base=None, log_level=None, verb_name='build', build_base='build', install_base='install', merge_install=False, symlink_install=False, test_result_base=None, continue_on_error=False, executor='parallel', parallel_workers=6, event_handlers=None, ignore_user_meta=False, metas=['./colcon.meta'], base_paths=['.'], packages_ignore=None, packages_ignore_regex=None, paths=None, packages_up_to=None, packages_up_to_regex=None, packages_above=None, packages_above_and_dependencies=None, packages_above_depth=None, packages_select_by_dep=None, packages_skip_by_dep=None, packages_skip_up_to=None, packages_select_build_failed=False, packages_skip_build_finished=False, packages_select_test_failures=False, packages_skip_test_passed=False, packages_select=['log_gpis'], packages_skip=None, packages_select_regex=None, packages_skip_regex=None, packages_start=None, packages_end=None, cmake_args=None, cmake_target=None, cmake_target_skip_unavailable=False, cmake_clean_cache=False, cmake_clean_first=False, cmake_force_configure=False, ament_cmake_args=None, catkin_cmake_args=None, catkin_skip_building_tests=False, mixin_files=None, mixin=None, verb_parser=<colcon_mixin.mixin.mixin_argument.MixinArgumentDecorator object at 0x7f629f156a40>, verb_extension=<colcon_core.verb.build.BuildVerb object at 0x7f629f679cc0>, main=<bound method BuildVerb.main of <colcon_core.verb.build.BuildVerb object at 0x7f629f679cc0>>, mixin_verb=('build',))
[0.575s] Level 1:colcon.colcon_core.package_discovery:discover_packages(colcon_meta) check parameters
[0.575s] Level 1:colcon.colcon_core.package_discovery:discover_packages(recursive) check parameters
[0.575s] Level 1:colcon.colcon_core.package_discovery:discover_packages(ignore) check parameters
[0.575s] Level 1:colcon.colcon_core.package_discovery:discover_packages(path) check parameters
[0.575s] Level 1:colcon.colcon_core.package_discovery:discover_packages(colcon_meta) discover
[0.575s] Level 1:colcon.colcon_core.package_discovery:discover_packages(recursive) discover
[0.575s] INFO:colcon.colcon_core.package_discovery:Crawling recursively for packages in '/home/docker-dev/ws'
[0.575s] Level 1:colcon.colcon_core.package_identification:_identify(.) by extensions ['ignore', 'ignore_ament_install']
[0.575s] Level 1:colcon.colcon_core.package_identification:_identify(.) by extension 'ignore'
[0.575s] Level 1:colcon.colcon_core.package_identification:_identify(.) by extension 'ignore_ament_install'
[0.575s] Level 1:colcon.colcon_core.package_identification:_identify(.) by extensions ['colcon_pkg']
[0.575s] Level 1:colcon.colcon_core.package_identification:_identify(.) by extension 'colcon_pkg'
[0.575s] Level 1:colcon.colcon_core.package_identification:_identify(.) by extensions ['colcon_meta']
[0.575s] Level 1:colcon.colcon_core.package_identification:_identify(.) by extension 'colcon_meta'
[0.575s] Level 1:colcon.colcon_core.package_identification:_identify(.) by extensions ['ros']
[0.575s] Level 1:colcon.colcon_core.package_identification:_identify(.) by extension 'ros'
[0.582s] Level 1:colcon.colcon_core.package_identification:_identify(.) by extensions ['cmake', 'python']
[0.582s] Level 1:colcon.colcon_core.package_identification:_identify(.) by extension 'cmake'
[0.582s] Level 1:colcon.colcon_core.package_identification:_identify(.) by extension 'python'
[0.582s] Level 1:colcon.colcon_core.package_identification:_identify(.) by extensions ['python_setup_py']
[0.582s] Level 1:colcon.colcon_core.package_identification:_identify(.) by extension 'python_setup_py'
[0.582s] Level 1:colcon.colcon_core.package_identification:_identify(bin) by extensions ['ignore', 'ignore_ament_install']
[0.582s] Level 1:colcon.colcon_core.package_identification:_identify(bin) by extension 'ignore'
[0.582s] Level 1:colcon.colcon_core.package_identification:_identify(bin) by extension 'ignore_ament_install'
[0.582s] Level 1:colcon.colcon_core.package_identification:_identify(bin) by extensions ['colcon_pkg']
[0.582s] Level 1:colcon.colcon_core.package_identification:_identify(bin) by extension 'colcon_pkg'
[0.582s] Level 1:colcon.colcon_core.package_identification:_identify(bin) by extensions ['colcon_meta']
[0.582s] Level 1:colcon.colcon_core.package_identification:_identify(bin) by extension 'colcon_meta'
[0.582s] Level 1:colcon.colcon_core.package_identification:_identify(bin) by extensions ['ros']
[0.582s] Level 1:colcon.colcon_core.package_identification:_identify(bin) by extension 'ros'
[0.582s] Level 1:colcon.colcon_core.package_identification:_identify(bin) by extensions ['cmake', 'python']
[0.582s] Level 1:colcon.colcon_core.package_identification:_identify(bin) by extension 'cmake'
[0.582s] Level 1:colcon.colcon_core.package_identification:_identify(bin) by extension 'python'
[0.583s] Level 1:colcon.colcon_core.package_identification:_identify(bin) by extensions ['python_setup_py']
[0.583s] Level 1:colcon.colcon_core.package_identification:_identify(bin) by extension 'python_setup_py'
[0.583s] Level 1:colcon.colcon_core.package_identification:_identify(build) by extensions ['ignore', 'ignore_ament_install']
[0.583s] Level 1:colcon.colcon_core.package_identification:_identify(build) by extension 'ignore'
[0.583s] Level 1:colcon.colcon_core.package_identification:_identify(build) ignored
[0.583s] Level 1:colcon.colcon_core.package_identification:_identify(install) by extensions ['ignore', 'ignore_ament_install']
[0.583s] Level 1:colcon.colcon_core.package_identification:_identify(install) by extension 'ignore'
[0.583s] Level 1:colcon.colcon_core.package_identification:_identify(install) ignored
[0.583s] Level 1:colcon.colcon_core.package_identification:_identify(log) by extensions ['ignore', 'ignore_ament_install']
[0.583s] Level 1:colcon.colcon_core.package_identification:_identify(log) by extension 'ignore'
[0.583s] Level 1:colcon.colcon_core.package_identification:_identify(log) ignored
[0.583s] Level 1:colcon.colcon_core.package_identification:_identify(qpOASES_test) by extensions ['ignore', 'ignore_ament_install']
[0.583s] Level 1:colcon.colcon_core.package_identification:_identify(qpOASES_test) by extension 'ignore'
[0.583s] Level 1:colcon.colcon_core.package_identification:_identify(qpOASES_test) by extension 'ignore_ament_install'
[0.583s] Level 1:colcon.colcon_core.package_identification:_identify(qpOASES_test) by extensions ['colcon_pkg']
[0.583s] Level 1:colcon.colcon_core.package_identification:_identify(qpOASES_test) by extension 'colcon_pkg'
[0.583s] Level 1:colcon.colcon_core.package_identification:_identify(qpOASES_test) by extensions ['colcon_meta']
[0.583s] Level 1:colcon.colcon_core.package_identification:_identify(qpOASES_test) by extension 'colcon_meta'
[0.583s] Level 1:colcon.colcon_core.package_identification:_identify(qpOASES_test) by extensions ['ros']
[0.583s] Level 1:colcon.colcon_core.package_identification:_identify(qpOASES_test) by extension 'ros'
[0.583s] Level 1:colcon.colcon_core.package_identification:_identify(qpOASES_test) by extensions ['cmake', 'python']
[0.583s] Level 1:colcon.colcon_core.package_identification:_identify(qpOASES_test) by extension 'cmake'
[0.583s] Level 1:colcon.colcon_core.package_identification:_identify(qpOASES_test) by extension 'python'
[0.583s] Level 1:colcon.colcon_core.package_identification:_identify(qpOASES_test) by extensions ['python_setup_py']
[0.583s] Level 1:colcon.colcon_core.package_identification:_identify(qpOASES_test) by extension 'python_setup_py'
[0.583s] Level 1:colcon.colcon_core.package_identification:_identify(qpOASES_test/simple_qps) by extensions ['ignore', 'ignore_ament_install']
[0.583s] Level 1:colcon.colcon_core.package_identification:_identify(qpOASES_test/simple_qps) by extension 'ignore'
[0.583s] Level 1:colcon.colcon_core.package_identification:_identify(qpOASES_test/simple_qps) by extension 'ignore_ament_install'
[0.583s] Level 1:colcon.colcon_core.package_identification:_identify(qpOASES_test/simple_qps) by extensions ['colcon_pkg']
[0.583s] Level 1:colcon.colcon_core.package_identification:_identify(qpOASES_test/simple_qps) by extension 'colcon_pkg'
[0.583s] Level 1:colcon.colcon_core.package_identification:_identify(qpOASES_test/simple_qps) by extensions ['colcon_meta']
[0.583s] Level 1:colcon.colcon_core.package_identification:_identify(qpOASES_test/simple_qps) by extension 'colcon_meta'
[0.583s] Level 1:colcon.colcon_core.package_identification:_identify(qpOASES_test/simple_qps) by extensions ['ros']
[0.583s] Level 1:colcon.colcon_core.package_identification:_identify(qpOASES_test/simple_qps) by extension 'ros'
[0.583s] Level 1:colcon.colcon_core.package_identification:_identify(qpOASES_test/simple_qps) by extensions ['cmake', 'python']
[0.583s] Level 1:colcon.colcon_core.package_identification:_identify(qpOASES_test/simple_qps) by extension 'cmake'
[0.585s] Level 1:colcon.colcon_core.package_identification:_identify(qpOASES_test/simple_qps) by extension 'python'
[0.585s] DEBUG:colcon.colcon_core.package_identification:Package 'qpOASES_test/simple_qps' with type 'cmake' and name 'simple_qps'
[0.585s] Level 1:colcon.colcon_core.package_identification:_identify(ros2_ws) by extensions ['ignore', 'ignore_ament_install']
[0.585s] Level 1:colcon.colcon_core.package_identification:_identify(ros2_ws) by extension 'ignore'
[0.585s] Level 1:colcon.colcon_core.package_identification:_identify(ros2_ws) by extension 'ignore_ament_install'
[0.585s] Level 1:colcon.colcon_core.package_identification:_identify(ros2_ws) by extensions ['colcon_pkg']
[0.585s] Level 1:colcon.colcon_core.package_identification:_identify(ros2_ws) by extension 'colcon_pkg'
[0.585s] Level 1:colcon.colcon_core.package_identification:_identify(ros2_ws) by extensions ['colcon_meta']
[0.585s] Level 1:colcon.colcon_core.package_identification:_identify(ros2_ws) by extension 'colcon_meta'
[0.585s] Level 1:colcon.colcon_core.package_identification:_identify(ros2_ws) by extensions ['ros']
[0.585s] Level 1:colcon.colcon_core.package_identification:_identify(ros2_ws) by extension 'ros'
[0.585s] Level 1:colcon.colcon_core.package_identification:_identify(ros2_ws) by extensions ['cmake', 'python']
[0.585s] Level 1:colcon.colcon_core.package_identification:_identify(ros2_ws) by extension 'cmake'
[0.585s] Level 1:colcon.colcon_core.package_identification:_identify(ros2_ws) by extension 'python'
[0.585s] Level 1:colcon.colcon_core.package_identification:_identify(ros2_ws) by extensions ['python_setup_py']
[0.585s] Level 1:colcon.colcon_core.package_identification:_identify(ros2_ws) by extension 'python_setup_py'
[0.585s] Level 1:colcon.colcon_core.package_identification:_identify(ros2_ws/build) by extensions ['ignore', 'ignore_ament_install']
[0.585s] Level 1:colcon.colcon_core.package_identification:_identify(ros2_ws/build) by extension 'ignore'
[0.585s] Level 1:colcon.colcon_core.package_identification:_identify(ros2_ws/build) ignored
[0.586s] Level 1:colcon.colcon_core.package_identification:_identify(ros2_ws/install) by extensions ['ignore', 'ignore_ament_install']
[0.586s] Level 1:colcon.colcon_core.package_identification:_identify(ros2_ws/install) by extension 'ignore'
[0.586s] Level 1:colcon.colcon_core.package_identification:_identify(ros2_ws/install) ignored
[0.586s] Level 1:colcon.colcon_core.package_identification:_identify(ros2_ws/log) by extensions ['ignore', 'ignore_ament_install']
[0.586s] Level 1:colcon.colcon_core.package_identification:_identify(ros2_ws/log) by extension 'ignore'
[0.586s] Level 1:colcon.colcon_core.package_identification:_identify(ros2_ws/log) ignored
[0.586s] Level 1:colcon.colcon_core.package_identification:_identify(ros2_ws/src) by extensions ['ignore', 'ignore_ament_install']
[0.586s] Level 1:colcon.colcon_core.package_identification:_identify(ros2_ws/src) by extension 'ignore'
[0.586s] Level 1:colcon.colcon_core.package_identification:_identify(ros2_ws/src) by extension 'ignore_ament_install'
[0.586s] Level 1:colcon.colcon_core.package_identification:_identify(ros2_ws/src) by extensions ['colcon_pkg']
[0.586s] Level 1:colcon.colcon_core.package_identification:_identify(ros2_ws/src) by extension 'colcon_pkg'
[0.586s] Level 1:colcon.colcon_core.package_identification:_identify(ros2_ws/src) by extensions ['colcon_meta']
[0.586s] Level 1:colcon.colcon_core.package_identification:_identify(ros2_ws/src) by extension 'colcon_meta'
[0.586s] Level 1:colcon.colcon_core.package_identification:_identify(ros2_ws/src) by extensions ['ros']
[0.586s] Level 1:colcon.colcon_core.package_identification:_identify(ros2_ws/src) by extension 'ros'
[0.586s] Level 1:colcon.colcon_core.package_identification:_identify(ros2_ws/src) by extensions ['cmake', 'python']
[0.586s] Level 1:colcon.colcon_core.package_identification:_identify(ros2_ws/src) by extension 'cmake'
[0.586s] Level 1:colcon.colcon_core.package_identification:_identify(ros2_ws/src) by extension 'python'
[0.586s] Level 1:colcon.colcon_core.package_identification:_identify(ros2_ws/src) by extensions ['python_setup_py']
[0.586s] Level 1:colcon.colcon_core.package_identification:_identify(ros2_ws/src) by extension 'python_setup_py'
[0.586s] Level 1:colcon.colcon_core.package_identification:_identify(ros2_ws/src/double_integrator_test) by extensions ['ignore', 'ignore_ament_install']
[0.586s] Level 1:colcon.colcon_core.package_identification:_identify(ros2_ws/src/double_integrator_test) by extension 'ignore'
[0.586s] Level 1:colcon.colcon_core.package_identification:_identify(ros2_ws/src/double_integrator_test) by extension 'ignore_ament_install'
[0.586s] Level 1:colcon.colcon_core.package_identification:_identify(ros2_ws/src/double_integrator_test) by extensions ['colcon_pkg']
[0.586s] Level 1:colcon.colcon_core.package_identification:_identify(ros2_ws/src/double_integrator_test) by extension 'colcon_pkg'
[0.586s] Level 1:colcon.colcon_core.package_identification:_identify(ros2_ws/src/double_integrator_test) by extensions ['colcon_meta']
[0.586s] Level 1:colcon.colcon_core.package_identification:_identify(ros2_ws/src/double_integrator_test) by extension 'colcon_meta'
[0.586s] Level 1:colcon.colcon_core.package_identification:_identify(ros2_ws/src/double_integrator_test) by extensions ['ros']
[0.586s] Level 1:colcon.colcon_core.package_identification:_identify(ros2_ws/src/double_integrator_test) by extension 'ros'
[0.592s] DEBUG:colcon.colcon_core.package_identification:Package 'ros2_ws/src/double_integrator_test' with type 'ros.ament_cmake' and name 'double_integrator_test'
[0.592s] Level 1:colcon.colcon_core.package_identification:_identify(ros2_ws/src/log_gpis) by extensions ['ignore', 'ignore_ament_install']
[0.592s] Level 1:colcon.colcon_core.package_identification:_identify(ros2_ws/src/log_gpis) by extension 'ignore'
[0.592s] Level 1:colcon.colcon_core.package_identification:_identify(ros2_ws/src/log_gpis) by extension 'ignore_ament_install'
[0.592s] Level 1:colcon.colcon_core.package_identification:_identify(ros2_ws/src/log_gpis) by extensions ['colcon_pkg']
[0.592s] Level 1:colcon.colcon_core.package_identification:_identify(ros2_ws/src/log_gpis) by extension 'colcon_pkg'
[0.592s] Level 1:colcon.colcon_core.package_identification:_identify(ros2_ws/src/log_gpis) by extensions ['colcon_meta']
[0.592s] Level 1:colcon.colcon_core.package_identification:_identify(ros2_ws/src/log_gpis) by extension 'colcon_meta'
[0.592s] Level 1:colcon.colcon_core.package_identification:_identify(ros2_ws/src/log_gpis) by extensions ['ros']
[0.592s] Level 1:colcon.colcon_core.package_identification:_identify(ros2_ws/src/log_gpis) by extension 'ros'
[0.593s] DEBUG:colcon.colcon_core.package_identification:Package 'ros2_ws/src/log_gpis' with type 'ros.ament_cmake' and name 'log_gpis'
[0.593s] Level 1:colcon.colcon_core.package_identification:_identify(ros2_ws/src/simulation_manager) by extensions ['ignore', 'ignore_ament_install']
[0.593s] Level 1:colcon.colcon_core.package_identification:_identify(ros2_ws/src/simulation_manager) by extension 'ignore'
[0.593s] Level 1:colcon.colcon_core.package_identification:_identify(ros2_ws/src/simulation_manager) by extension 'ignore_ament_install'
[0.593s] Level 1:colcon.colcon_core.package_identification:_identify(ros2_ws/src/simulation_manager) by extensions ['colcon_pkg']
[0.593s] Level 1:colcon.colcon_core.package_identification:_identify(ros2_ws/src/simulation_manager) by extension 'colcon_pkg'
[0.593s] Level 1:colcon.colcon_core.package_identification:_identify(ros2_ws/src/simulation_manager) by extensions ['colcon_meta']
[0.593s] Level 1:colcon.colcon_core.package_identification:_identify(ros2_ws/src/simulation_manager) by extension 'colcon_meta'
[0.593s] Level 1:colcon.colcon_core.package_identification:_identify(ros2_ws/src/simulation_manager) by extensions ['ros']
[0.593s] Level 1:colcon.colcon_core.package_identification:_identify(ros2_ws/src/simulation_manager) by extension 'ros'
[0.593s] DEBUG:colcon.colcon_core.package_identification:Package 'ros2_ws/src/simulation_manager' with type 'ros.ament_cmake' and name 'simulation_manager'
[0.593s] Level 1:colcon.colcon_core.package_identification:_identify(ros2_ws/src/tf2_manager) by extensions ['ignore', 'ignore_ament_install']
[0.593s] Level 1:colcon.colcon_core.package_identification:_identify(ros2_ws/src/tf2_manager) by extension 'ignore'
[0.593s] Level 1:colcon.colcon_core.package_identification:_identify(ros2_ws/src/tf2_manager) by extension 'ignore_ament_install'
[0.593s] Level 1:colcon.colcon_core.package_identification:_identify(ros2_ws/src/tf2_manager) by extensions ['colcon_pkg']
[0.593s] Level 1:colcon.colcon_core.package_identification:_identify(ros2_ws/src/tf2_manager) by extension 'colcon_pkg'
[0.593s] Level 1:colcon.colcon_core.package_identification:_identify(ros2_ws/src/tf2_manager) by extensions ['colcon_meta']
[0.593s] Level 1:colcon.colcon_core.package_identification:_identify(ros2_ws/src/tf2_manager) by extension 'colcon_meta'
[0.593s] Level 1:colcon.colcon_core.package_identification:_identify(ros2_ws/src/tf2_manager) by extensions ['ros']
[0.593s] Level 1:colcon.colcon_core.package_identification:_identify(ros2_ws/src/tf2_manager) by extension 'ros'
[0.594s] DEBUG:colcon.colcon_core.package_identification:Package 'ros2_ws/src/tf2_manager' with type 'ros.ament_cmake' and name 'tf2_manager'
[0.594s] Level 1:colcon.colcon_core.package_discovery:discover_packages(recursive) using defaults
[0.594s] Level 1:colcon.colcon_core.package_discovery:discover_packages(ignore) discover
[0.594s] Level 1:colcon.colcon_core.package_discovery:discover_packages(ignore) using defaults
[0.594s] Level 1:colcon.colcon_core.package_discovery:discover_packages(path) discover
[0.594s] Level 1:colcon.colcon_core.package_discovery:discover_packages(path) using defaults
[0.624s] INFO:colcon.colcon_core.package_selection:Skipping not selected package 'double_integrator_test' in 'ros2_ws/src/double_integrator_test'
[0.624s] INFO:colcon.colcon_core.package_selection:Skipping not selected package 'simple_qps' in 'qpOASES_test/simple_qps'
[0.624s] INFO:colcon.colcon_core.package_selection:Skipping not selected package 'simulation_manager' in 'ros2_ws/src/simulation_manager'
[0.624s] INFO:colcon.colcon_core.package_selection:Skipping not selected package 'tf2_manager' in 'ros2_ws/src/tf2_manager'
[0.630s] Level 5:colcon.colcon_core.verb:set package 'log_gpis' build argument 'cmake_args' from command line to 'None'
[0.630s] Level 5:colcon.colcon_core.verb:set package 'log_gpis' build argument 'cmake_target' from command line to 'None'
[0.630s] Level 5:colcon.colcon_core.verb:set package 'log_gpis' build argument 'cmake_target_skip_unavailable' from command line to 'False'
[0.630s] Level 5:colcon.colcon_core.verb:set package 'log_gpis' build argument 'cmake_clean_cache' from command line to 'False'
[0.630s] Level 5:colcon.colcon_core.verb:set package 'log_gpis' build argument 'cmake_clean_first' from command line to 'False'
[0.630s] Level 5:colcon.colcon_core.verb:set package 'log_gpis' build argument 'cmake_force_configure' from command line to 'False'
[0.630s] Level 5:colcon.colcon_core.verb:set package 'log_gpis' build argument 'ament_cmake_args' from command line to 'None'
[0.630s] Level 5:colcon.colcon_core.verb:set package 'log_gpis' build argument 'catkin_cmake_args' from command line to 'None'
[0.630s] Level 5:colcon.colcon_core.verb:set package 'log_gpis' build argument 'catkin_skip_building_tests' from command line to 'False'
[0.630s] DEBUG:colcon.colcon_core.verb:Building package 'log_gpis' with the following arguments: {'ament_cmake_args': None, 'build_base': '/home/docker-dev/ws/build/log_gpis', 'catkin_cmake_args': None, 'catkin_skip_building_tests': False, 'cmake_args': None, 'cmake_clean_cache': False, 'cmake_clean_first': False, 'cmake_force_configure': False, 'cmake_target': None, 'cmake_target_skip_unavailable': False, 'install_base': '/home/docker-dev/ws/install/log_gpis', 'merge_install': False, 'path': '/home/docker-dev/ws/ros2_ws/src/log_gpis', 'symlink_install': False, 'test_result_base': None}
[0.636s] INFO:colcon.colcon_core.executor:Executing jobs using 'parallel' executor
[0.642s] DEBUG:colcon.colcon_parallel_executor.executor.parallel:run_until_complete
[0.643s] INFO:colcon.colcon_ros.task.ament_cmake.build:Building ROS package in '/home/docker-dev/ws/ros2_ws/src/log_gpis' with build type 'ament_cmake'
[0.643s] INFO:colcon.colcon_cmake.task.cmake.build:Building CMake package in '/home/docker-dev/ws/ros2_ws/src/log_gpis'
[0.650s] INFO:colcon.colcon_core.plugin_system:Skipping extension 'colcon_core.shell.bat': Not used on non-Windows systems
[0.650s] INFO:colcon.colcon_core.shell:Skip shell extension 'powershell' for command environment: Not usable outside of PowerShell
[0.650s] DEBUG:colcon.colcon_core.shell:Skip shell extension 'dsv' for command environment
[0.677s] DEBUG:colcon.colcon_core.event_handler.log_command:Invoking command in '/home/docker-dev/ws/build/log_gpis': CMAKE_PREFIX_PATH=${CMAKE_PREFIX_PATH}:/opt/ros/humble /usr/bin/cmake --build /home/docker-dev/ws/build/log_gpis -- -j6 -l6
[1.756s] DEBUG:colcon.colcon_core.event_handler.log_command:Invoked command in '/home/docker-dev/ws/build/log_gpis' returned '0': CMAKE_PREFIX_PATH=${CMAKE_PREFIX_PATH}:/opt/ros/humble /usr/bin/cmake --build /home/docker-dev/ws/build/log_gpis -- -j6 -l6
[1.793s] DEBUG:colcon.colcon_core.event_handler.log_command:Invoking command in '/home/docker-dev/ws/build/log_gpis': CMAKE_PREFIX_PATH=${CMAKE_PREFIX_PATH}:/opt/ros/humble /usr/bin/cmake --install /home/docker-dev/ws/build/log_gpis
[1.827s] Level 1:colcon.colcon_core.environment:create_environment_scripts_only(log_gpis)
[1.828s] DEBUG:colcon.colcon_core.event_handler.log_command:Invoked command in '/home/docker-dev/ws/build/log_gpis' returned '0': CMAKE_PREFIX_PATH=${CMAKE_PREFIX_PATH}:/opt/ros/humble /usr/bin/cmake --install /home/docker-dev/ws/build/log_gpis
[1.835s] Level 1:colcon.colcon_core.environment:checking '/home/docker-dev/ws/install/log_gpis' for CMake module files
[1.835s] Level 1:colcon.colcon_core.environment:checking '/home/docker-dev/ws/install/log_gpis' for CMake config files
[1.835s] Level 1:colcon.colcon_core.shell:create_environment_hook('log_gpis', 'cmake_prefix_path')
[1.842s] INFO:colcon.colcon_core.shell:Creating environment hook '/home/docker-dev/ws/install/log_gpis/share/log_gpis/hook/cmake_prefix_path.ps1'
[1.842s] INFO:colcon.colcon_core.shell:Creating environment descriptor '/home/docker-dev/ws/install/log_gpis/share/log_gpis/hook/cmake_prefix_path.dsv'
[1.842s] INFO:colcon.colcon_core.shell:Creating environment hook '/home/docker-dev/ws/install/log_gpis/share/log_gpis/hook/cmake_prefix_path.sh'
[1.843s] Level 1:colcon.colcon_core.environment:checking '/home/docker-dev/ws/install/log_gpis/lib'
[1.843s] Level 1:colcon.colcon_core.shell:create_environment_hook('log_gpis', 'ld_library_path_lib')
[1.849s] INFO:colcon.colcon_core.shell:Creating environment hook '/home/docker-dev/ws/install/log_gpis/share/log_gpis/hook/ld_library_path_lib.ps1'
[1.849s] INFO:colcon.colcon_core.shell:Creating environment descriptor '/home/docker-dev/ws/install/log_gpis/share/log_gpis/hook/ld_library_path_lib.dsv'
[1.849s] INFO:colcon.colcon_core.shell:Creating environment hook '/home/docker-dev/ws/install/log_gpis/share/log_gpis/hook/ld_library_path_lib.sh'
[1.849s] Level 1:colcon.colcon_core.environment:checking '/home/docker-dev/ws/install/log_gpis/bin'
[1.849s] Level 1:colcon.colcon_core.environment:checking '/home/docker-dev/ws/install/log_gpis/lib/pkgconfig/log_gpis.pc'
[1.850s] Level 1:colcon.colcon_core.environment:checking '/home/docker-dev/ws/install/log_gpis/lib/python3.10/site-packages'
[1.850s] Level 1:colcon.colcon_core.environment:checking '/home/docker-dev/ws/install/log_gpis/bin'
[1.856s] INFO:colcon.colcon_core.shell:Creating package script '/home/docker-dev/ws/install/log_gpis/share/log_gpis/package.ps1'
[1.857s] INFO:colcon.colcon_core.shell:Creating package descriptor '/home/docker-dev/ws/install/log_gpis/share/log_gpis/package.dsv'
[1.857s] INFO:colcon.colcon_core.shell:Creating package script '/home/docker-dev/ws/install/log_gpis/share/log_gpis/package.sh'
[1.857s] INFO:colcon.colcon_core.shell:Creating package script '/home/docker-dev/ws/install/log_gpis/share/log_gpis/package.bash'
[1.858s] INFO:colcon.colcon_core.shell:Creating package script '/home/docker-dev/ws/install/log_gpis/share/log_gpis/package.zsh'
[1.858s] Level 1:colcon.colcon_core.environment:create_file_with_runtime_dependencies(/home/docker-dev/ws/install/log_gpis/share/colcon-core/packages/log_gpis)
[1.897s] Level 1:colcon.colcon_core.environment:create_environment_scripts_only(log_gpis)
[1.903s] Level 1:colcon.colcon_core.environment:checking '/home/docker-dev/ws/install/log_gpis' for CMake module files
[1.903s] Level 1:colcon.colcon_core.environment:checking '/home/docker-dev/ws/install/log_gpis' for CMake config files
[1.903s] Level 1:colcon.colcon_core.shell:create_environment_hook('log_gpis', 'cmake_prefix_path')
[1.909s] INFO:colcon.colcon_core.shell:Creating environment hook '/home/docker-dev/ws/install/log_gpis/share/log_gpis/hook/cmake_prefix_path.ps1'
[1.910s] INFO:colcon.colcon_core.shell:Creating environment descriptor '/home/docker-dev/ws/install/log_gpis/share/log_gpis/hook/cmake_prefix_path.dsv'
[1.910s] INFO:colcon.colcon_core.shell:Creating environment hook '/home/docker-dev/ws/install/log_gpis/share/log_gpis/hook/cmake_prefix_path.sh'
[1.910s] Level 1:colcon.colcon_core.environment:checking '/home/docker-dev/ws/install/log_gpis/lib'
[1.910s] Level 1:colcon.colcon_core.shell:create_environment_hook('log_gpis', 'ld_library_path_lib')
[1.916s] INFO:colcon.colcon_core.shell:Creating environment hook '/home/docker-dev/ws/install/log_gpis/share/log_gpis/hook/ld_library_path_lib.ps1'
[1.916s] INFO:colcon.colcon_core.shell:Creating environment descriptor '/home/docker-dev/ws/install/log_gpis/share/log_gpis/hook/ld_library_path_lib.dsv'
[1.916s] INFO:colcon.colcon_core.shell:Creating environment hook '/home/docker-dev/ws/install/log_gpis/share/log_gpis/hook/ld_library_path_lib.sh'
[1.916s] Level 1:colcon.colcon_core.environment:checking '/home/docker-dev/ws/install/log_gpis/bin'
[1.917s] Level 1:colcon.colcon_core.environment:checking '/home/docker-dev/ws/install/log_gpis/lib/pkgconfig/log_gpis.pc'
[1.917s] Level 1:colcon.colcon_core.environment:checking '/home/docker-dev/ws/install/log_gpis/lib/python3.10/site-packages'
[1.917s] Level 1:colcon.colcon_core.environment:checking '/home/docker-dev/ws/install/log_gpis/bin'
[1.923s] INFO:colcon.colcon_core.shell:Creating package script '/home/docker-dev/ws/install/log_gpis/share/log_gpis/package.ps1'
[1.923s] INFO:colcon.colcon_core.shell:Creating package descriptor '/home/docker-dev/ws/install/log_gpis/share/log_gpis/package.dsv'
[1.924s] INFO:colcon.colcon_core.shell:Creating package script '/home/docker-dev/ws/install/log_gpis/share/log_gpis/package.sh'
[1.924s] INFO:colcon.colcon_core.shell:Creating package script '/home/docker-dev/ws/install/log_gpis/share/log_gpis/package.bash'
[1.924s] INFO:colcon.colcon_core.shell:Creating package script '/home/docker-dev/ws/install/log_gpis/share/log_gpis/package.zsh'
[1.924s] Level 1:colcon.colcon_core.environment:create_file_with_runtime_dependencies(/home/docker-dev/ws/install/log_gpis/share/colcon-core/packages/log_gpis)
[1.924s] DEBUG:colcon.colcon_parallel_executor.executor.parallel:closing loop
[1.924s] DEBUG:colcon.colcon_parallel_executor.executor.parallel:loop closed
[1.924s] DEBUG:colcon.colcon_parallel_executor.executor.parallel:run_until_complete finished with '0'
[1.924s] DEBUG:colcon.colcon_core.event_reactor:joining thread
[1.934s] INFO:colcon.colcon_core.plugin_system:Skipping extension 'colcon_notification.desktop_notification.notify_send': Could not find 'notify-send'
[1.934s] INFO:colcon.colcon_core.plugin_system:Skipping extension 'colcon_notification.desktop_notification.terminal_notifier': Not used on non-Darwin systems
[1.934s] INFO:colcon.colcon_core.plugin_system:Skipping extension 'colcon_notification.desktop_notification.win32': Not used on non-Windows systems
[1.934s] INFO:colcon.colcon_notification.desktop_notification:Sending desktop notification using 'notify2'
[1.935s] DEBUG:colcon.colcon_notification.desktop_notification.notify2:Failed to initialize notify2: org.freedesktop.DBus.Error.Spawn.ExecFailed: /usr/bin/dbus-launch terminated abnormally without any error message
[1.935s] DEBUG:colcon.colcon_core.event_reactor:joined thread
[1.942s] INFO:colcon.colcon_core.shell:Creating prefix script '/home/docker-dev/ws/install/local_setup.ps1'
[1.943s] INFO:colcon.colcon_core.shell:Creating prefix util module '/home/docker-dev/ws/install/_local_setup_util_ps1.py'
[1.944s] INFO:colcon.colcon_core.shell:Creating prefix chain script '/home/docker-dev/ws/install/setup.ps1'
[1.951s] INFO:colcon.colcon_core.shell:Creating prefix script '/home/docker-dev/ws/install/local_setup.sh'
[1.952s] INFO:colcon.colcon_core.shell:Creating prefix util module '/home/docker-dev/ws/install/_local_setup_util_sh.py'
[1.952s] INFO:colcon.colcon_core.shell:Creating prefix chain script '/home/docker-dev/ws/install/setup.sh'
[1.959s] INFO:colcon.colcon_core.shell:Creating prefix script '/home/docker-dev/ws/install/local_setup.bash'
[1.959s] INFO:colcon.colcon_core.shell:Creating prefix chain script '/home/docker-dev/ws/install/setup.bash'
[1.966s] INFO:colcon.colcon_core.shell:Creating prefix script '/home/docker-dev/ws/install/local_setup.zsh'
[1.966s] INFO:colcon.colcon_core.shell:Creating prefix chain script '/home/docker-dev/ws/install/setup.zsh'
